1. Big Sophia
2. Big Isabella
3. Isabella
4. Big Isabella
5. (Deceased) Emily
6. Isabella
7. (Deceased) Anthony
8. (Deceased) Isabella
9. (Deceased) Chloe
10. Sophia
11. Isabella
12. Big Olivia
13. Big Ava
14. (Deceased) Olivia
15. Big Alexander
16. Emily
17. (Deceased) Olivia
18. Michael
19. William
20. (Deceased) Alexander
21. Big Michael
22. Big Olivia
23. Big Anthony
24. Isabella
25. (Deceased) Big Madison
26. (Deceased) Olivia
27. (Deceased) Big Daniel
28. Madison
29. (Deceased) Aiden
30. Abigail
31. (Deceased) Jayden
32. (Deceased) Big Olivia
33. (Deceased) Sophia
34. (Deceased) Big William
35. Big Mia
36. (Deceased) William
37. Big Big Ethan
38. Big Emma
39. (Deceased) Emma
