1. (Deceased) Big Big Emily
2. (Deceased) Michael
3. (Deceased) Olivia
4. Big Big Big Big Daniel
5. (Deceased) Aiden
6. (Deceased) Emma
7. (Deceased) Alexander
8. (Deceased) Jacob
9. (Deceased) Daniel
10. Big Big Big Big Jacob
11. (Deceased) Sophia
12. Big Anthony
13. (Deceased) Ethan
14. (Deceased) Big Big Big Isabella
15. (Deceased) Daniel
16. (Deceased) Emily
17. (Deceased) Mia
18. (Deceased) Olivia
19. (Deceased) Daniel
20. (Deceased) Isabella
21. (Deceased) Ethan
22. Big Big Big Abigail
23. (Deceased) Anthony
24. (Deceased) Big Big Big Big Ethan
25. (Deceased) Noah
26. (Deceased) Abigail
27. (Deceased) Big Chloe
28. Big Michael
29. Big Big Big Big Big Big Jayden
30. (Deceased) Big William
31. (Deceased) Alexander
32. (Deceased) Big Olivia
33. (Deceased) Big Big Daniel
34. (Deceased) Big Aiden
35. (Deceased) Big Chloe
36. (Deceased) Sophia
37. (Deceased) Madison
38. (Deceased) Sophia
39. (Deceased) Big Michael
40. (Deceased) Ethan
41. (Deceased) Anthony
42. (Deceased) Alexander
43. (Deceased) Big Big Alexander
44. (Deceased) Big Big Abigail
45. (Deceased) Alexander
46. (Deceased) Big Jayden
47. (Deceased) Ava
48. (Deceased) Noah
49. Big Jacob
