1. (Deceased) Emily
2. (Deceased) Madison
3. (Deceased) Big Big Aiden
4. (Deceased) Mia
5. (Deceased) Anthony
6. (Deceased) Aiden
7. Michael
8. (Deceased) Big Isabella
9. Big Big Big Big Big Emily
10. (Deceased) Big Emily
11. (Deceased) Big Abigail
12. (Deceased) Big Big Big Sophia
13. (Deceased) Big Big Big Big Emma
14. (Deceased) William
15. (Deceased) Daniel
16. (Deceased) Emma
17. (Deceased) Emily
18. (Deceased) Chloe
19. (Deceased) Aiden
20. (Deceased) Big Big Big Isabella
21. (Deceased) Big Big Aiden
22. Big Big Mia
23. (Deceased) Big Olivia
24. (Deceased) Abigail
25. (Deceased) Michael
26. (Deceased) Olivia
27. (Deceased) Olivia
28. (Deceased) Anthony
29. (Deceased) William
30. Big Big Big Big Big Abigail
31. (Deceased) Ava
32. Big Big Big Big Big Jayden
33. (Deceased) Chloe
34. Big Big Big Big Emily
35. (Deceased) Big Ethan
36. Big William
37. (Deceased) Olivia
38. (Deceased) Big Big Alexander
39. (Deceased) Big Big Jayden
40. (Deceased) Michael
41. (Deceased) Madison
42. (Deceased) Daniel
43. (Deceased) Big Big Mia
44. (Deceased) Big Big Aiden
45. Big Big Abigail
46. (Deceased) Jayden
47. (Deceased) Jacob
48. (Deceased) Big Big Emma
49. (Deceased) Ava
50. (Deceased) Noah
51. (Deceased) Ava
52. Big Olivia
53. (Deceased) Olivia
54. (Deceased) Big Big Olivia
55. (Deceased) Abigail
56. (Deceased) Michael
57. (Deceased) Alexander
58. (Deceased) Ava
59. (Deceased) Big Emma
60. (Deceased) Michael
61. (Deceased) Big Big Big Big William
62. (Deceased) Alexander
63. (Deceased) Abigail
64. (Deceased) Jayden
65. Big Big Big Emily
66. (Deceased) Big Big Big Noah
67. (Deceased) Mia
68. (Deceased) Sophia
69. (Deceased) Big Big Big Ethan
70. (Deceased) Big Big Daniel
71. (Deceased) Isabella
72. (Deceased) Madison
73. (Deceased) William
74. (Deceased) Emily
75. (Deceased) Madison
76. (Deceased) Isabella
77. (Deceased) Big Big Abigail
78. (Deceased) Michael
79. (Deceased) Big Big Big Big Alexander
80. (Deceased) Big Madison
81. (Deceased) Sophia
82. (Deceased) Emily
83. (Deceased) Chloe
84. (Deceased) Anthony
85. (Deceased) Jayden
86. (Deceased) Big Big Michael
87. (Deceased) Big Noah
88. (Deceased) Isabella
89. (Deceased) Big Chloe
90. (Deceased) Big Olivia
91. (Deceased) Daniel
92. (Deceased) Aiden
93. (Deceased) Big Big Big Big William
94. (Deceased) Big Big Big Big Emma
95. (Deceased) Big Big Noah
96. (Deceased) Anthony
97. (Deceased) Big Noah
98. (Deceased) Big Big Anthony
99. (Deceased) Jayden
100. (Deceased) Jacob
101. (Deceased) Abigail
102. (Deceased) Michael
103. (Deceased) Big Big Jacob
104. (Deceased) Michael
105. (Deceased) Big Emily
106. (Deceased) Chloe
107. (Deceased) Abigail
108. (Deceased) Big Ethan
109. (Deceased) Big Big Noah
110. (Deceased) Abigail
111. (Deceased) Alexander
112. (Deceased) Ethan
113. (Deceased) Abigail
