1. Big Olivia
2. (Deceased) Big Noah
3. (Deceased) Emma
4. (Deceased) Abigail
5. (Deceased) Big Aiden
6. (Deceased) Big Big Chloe
7. (Deceased) Madison
8. (Deceased) Olivia
9. (Deceased) Mia
10. (Deceased) Big Daniel
11. (Deceased) Big Jayden
12. (Deceased) Big Big Ethan
13. (Deceased) Big William
14. (Deceased) Chloe
15. (Deceased) Ethan
16. (Deceased) Jacob
17. Big Big Big Ava
18. (Deceased) Anthony
19. (Deceased) Big Big Emily
20. Michael
21. (Deceased) Chloe
22. (Deceased) Isabella
23. (Deceased) Sophia
24. (Deceased) Big Jayden
25. (Deceased) Big Big Big Big Daniel
26. (Deceased) Big Jacob
27. (Deceased) Alexander
28. (Deceased) Big Big Big Big Big Ethan
29. (Deceased) William
30. (Deceased) Chloe
31. (Deceased) Abigail
32. (Deceased) Aiden
33. (Deceased) Big Big Big Emily
34. (Deceased) Alexander
35. Big Big Big Isabella
36. Big Big Big Big Ava
37. (Deceased) Sophia
38. (Deceased) Emma
39. (Deceased) Big Alexander
40. (Deceased) Chloe
41. (Deceased) Big Big Big Big Big Big Big Jayden
42. Big Big Big Big Jacob
43. Big Big Big Big Noah
44. (Deceased) Chloe
45. (Deceased) Jacob
46. (Deceased) Big Michael
47. (Deceased) Sophia
48. (Deceased) Big Sophia
49. (Deceased) Big Big Ava
50. (Deceased) Big Big Big Big Sophia
51. (Deceased) Chloe
52. (Deceased) Ethan
53. (Deceased) Noah
54. (Deceased) Isabella
55. (Deceased) Olivia
56. (Deceased) Big Aiden
57. (Deceased) Isabella
58. (Deceased) Aiden
59. (Deceased) Noah
60. (Deceased) Big Big Emily
61. (Deceased) Emma
62. (Deceased) Olivia
63. (Deceased) Olivia
64. (Deceased) Ava
65. (Deceased) Noah
66. (Deceased) Big Aiden
67. (Deceased) Mia
68. (Deceased) Big Jacob
69. (Deceased) William
70. (Deceased) Sophia
71. (Deceased) Emma
72. (Deceased) Big Big Big Big Big Big Anthony
73. (Deceased) Big Big Big Big Big Alexander
74. (Deceased) Big Big Sophia
75. (Deceased) Noah
76. (Deceased) Big Mia
77. Big Ava
78. (Deceased) Big Olivia
79. (Deceased) Big Big Big Emily
80. (Deceased) Big Olivia
81. (Deceased) Isabella
82. (Deceased) Olivia
83. (Deceased) Emma
84. (Deceased) Big Emma
85. (Deceased) Big Big Big Ethan
86. (Deceased) Big Big Big Big Jacob
87. (Deceased) Alexander
88. (Deceased) Big Big Big Big Big Sophia
89. (Deceased) Emily
90. (Deceased) Big Emma
91. (Deceased) Ethan
92. (Deceased) Big Big Alexander
93. (Deceased) Big Big Jacob
94. (Deceased) Big Michael
95. (Deceased) Ava
96. Big Big Big Big Abigail
97. (Deceased) Big Big Ava
98. (Deceased) Ethan
99. (Deceased) Jayden
100. (Deceased) Abigail
101. Big Big Big William
102. (Deceased) Abigail
103. Big Big Big Big Big Big Anthony
104. (Deceased) Sophia
105. (Deceased) Big Michael
106. (Deceased) Ethan
107. (Deceased) Big Big Madison
108. (Deceased) Sophia
109. (Deceased) Alexander
110. (Deceased) Big Jayden
111. (Deceased) Big Big Big Olivia
112. Big Big Big Ava
113. (Deceased) Big Emma
114. (Deceased) Alexander
115. (Deceased) Sophia
116. Big Big Big Ethan
117. (Deceased) Daniel
118. (Deceased) Big Madison
119. (Deceased) Isabella
120. (Deceased) Big Big Abigail
121. (Deceased) Isabella
122. (Deceased) Isabella
123. (Deceased) Emma
124. (Deceased) Big Jayden
125. (Deceased) Sophia
126. (Deceased) Jayden
127. (Deceased) Alexander
128. (Deceased) Sophia
129. (Deceased) Alexander
130. (Deceased) Ava
131. (Deceased) Big Alexander
132. (Deceased) Alexander
133. (Deceased) Anthony
134. (Deceased) Madison
135. (Deceased) Daniel
136. (Deceased) Big Big Emily
137. (Deceased) Big Big Big Mia
138. (Deceased) Aiden
139. (Deceased) Mia
140. (Deceased) Big Big Chloe
141. (Deceased) Sophia
142. (Deceased) Jacob
143. (Deceased) Ethan
144. (Deceased) Emily
145. (Deceased) Big Ava
146. (Deceased) Emma
147. (Deceased) Michael
148. (Deceased) Ava
149. (Deceased) Sophia
150. (Deceased) Olivia
151. (Deceased) Jayden
152. (Deceased) Chloe
153. (Deceased) Big Big Big Ava
154. (Deceased) Emma
155. (Deceased) Jacob
156. (Deceased) Aiden
157. (Deceased) Isabella
158. (Deceased) Big Big Mia
159. (Deceased) Anthony
160. (Deceased) Big Big Big Big Big Isabella
161. (Deceased) Jacob
162. (Deceased) Jacob
163. (Deceased) Big Chloe
164. (Deceased) Isabella
165. (Deceased) William
166. (Deceased) Big Big Jayden
167. William
168. (Deceased) Big Alexander
169. (Deceased) Alexander
170. (Deceased) Big Aiden
171. (Deceased) Big Big Emily
172. (Deceased) Big Big Michael
173. (Deceased) Noah
174. (Deceased) Ava
175. (Deceased) Big Anthony
176. (Deceased) Big Jayden
177. (Deceased) Big Big Jacob
178. (Deceased) William
179. (Deceased) Jacob
180. (Deceased) Isabella
181. (Deceased) Big Olivia
182. (Deceased) Ethan
183. (Deceased) William
184. (Deceased) Daniel
185. (Deceased) Big Big William
186. (Deceased) Big Big Big Jacob
187. (Deceased) Jacob
188. (Deceased) Anthony
189. (Deceased) Big Big Noah
190. (Deceased) Ethan
191. (Deceased) Chloe
192. (Deceased) Sophia
193. (Deceased) Big Big Big Big Big Ethan
194. (Deceased) Big Big Emily
195. (Deceased) Alexander
196. (Deceased) Jacob
197. (Deceased) Anthony
198. (Deceased) Big Michael
199. (Deceased) Jacob
