1. (Deceased) Anthony
2. (Deceased) Ava
3. (Deceased) Big Big Big Emma
4. (Deceased) Big Ava
5. (Deceased) Big Jayden
6. (Deceased) Big Big Anthony
7. (Deceased) Big Sophia
8. (Deceased) Anthony
9. (Deceased) William
10. (Deceased) Chloe
11. (Deceased) Big Sophia
12. (Deceased) Jacob
13. (Deceased) Abigail
14. (Deceased) Big Emily
15. Big Big Emily
16. (Deceased) Abigail
17. Big Big Big Big Daniel
18. (Deceased) Olivia
19. (Deceased) Alexander
20. (Deceased) Sophia
21. (Deceased) Aiden
22. Big Big Big Madison
23. (Deceased) Big Michael
24. (Deceased) Big Big Big Jayden
25. (Deceased) Big Daniel
26. (Deceased) Alexander
27. (Deceased) Sophia
