1. (Deceased) Big Abigail
2. (Deceased) Michael
3. (Deceased) Michael
4. (Deceased) Abigail
5. (Deceased) Ava
6. (Deceased) Big Big Big William
7. (Deceased) Big William
8. (Deceased) Jayden
9. (Deceased) Jayden
10. (Deceased) William
11. Big Big Big Big Noah
12. (Deceased) Emily
13. (Deceased) Alexander
14. (Deceased) Mia
15. (Deceased) Isabella
16. (Deceased) Big Mia
17. Big Big Big Big Ava
18. (Deceased) Abigail
19. (Deceased) Daniel
20. (Deceased) William
21. (Deceased) Big Big Big Mia
22. (Deceased) Big Big Big Big Ethan
23. (Deceased) Alexander
24. (Deceased) Big Big Daniel
25. (Deceased) Ethan
