1. (Deceased) Noah
2. (Deceased) Isabella
3. (Deceased) Big Abigail
4. (Deceased) Anthony
5. Big Big Big Anthony
6. (Deceased) Anthony
7. (Deceased) Madison
8. (Deceased) Daniel
9. (Deceased) Noah
10. (Deceased) Big Isabella
11. (Deceased) Jayden
12. (Deceased) Big Daniel
13. (Deceased) Ethan
14. (Deceased) Big Big Olivia
15. (Deceased) Mia
16. (Deceased) Big Ava
17. (Deceased) Big Big William
18. (Deceased) Madison
19. (Deceased) Abigail
20. (Deceased) Emma
21. (Deceased) Jayden
22. (Deceased) Madison
23. (Deceased) Big Big Olivia
24. (Deceased) Jayden
25. Michael
26. (Deceased) Michael
27. Big Big Big Big Big Big Olivia
28. (Deceased) Alexander
29. (Deceased) Anthony
30. (Deceased) Big Jayden
31. (Deceased) Emma
32. (Deceased) Big Isabella
33. (Deceased) Jayden
34. (Deceased) Big Big Big Daniel
35. Big Big Emily
36. (Deceased) Chloe
37. (Deceased) Mia
38. (Deceased) Big Olivia
39. (Deceased) Big Big Emma
40. (Deceased) Big Ethan
41. (Deceased) Big Big Daniel
42. (Deceased) Ethan
43. (Deceased) Big Big Big Chloe
44. (Deceased) Noah
45. (Deceased) Big Madison
46. Big Big Big Big Aiden
47. Big Big Big Big Ethan
48. (Deceased) Ava
49. (Deceased) Big William
50. (Deceased) Jayden
51. (Deceased) Big Emily
52. (Deceased) Olivia
53. (Deceased) Jacob
54. Big Big Big Big Daniel
55. (Deceased) Ethan
56. (Deceased) Big Michael
57. (Deceased) Big Big Daniel
58. (Deceased) Big Big Mia
59. (Deceased) Sophia
60. (Deceased) Olivia
61. (Deceased) Emma
62. (Deceased) Emma
63. (Deceased) Olivia
64. (Deceased) Big Emma
65. (Deceased) Mia
66. (Deceased) Jayden
67. (Deceased) Jayden
68. (Deceased) Ethan
69. (Deceased) Big Big Olivia
70. (Deceased) Big Big Abigail
71. (Deceased) Big Big Big Big Big Jayden
72. (Deceased) Big Isabella
73. (Deceased) Chloe
74. (Deceased) Alexander
75. (Deceased) Big Olivia
76. (Deceased) Ethan
77. (Deceased) Mia
78. (Deceased) Big Big Big William
79. (Deceased) Big Big Big Big Jacob
80. (Deceased) Alexander
81. (Deceased) Anthony
