1. (Deceased) William
2. (Deceased) Daniel
3. (Deceased) Noah
4. (Deceased) Olivia
5. Big Emma
6. (Deceased) Jacob
7. (Deceased) Jayden
8. (Deceased) Sophia
9. Big Big Emily
10. Big Big Isabella
11. (Deceased) Big Big Big Michael
12. Big Olivia
13. (Deceased) Ava
14. Big William
15. Big Ava
16. (Deceased) Mia
17. (Deceased) Abigail
18. Big Aiden
19. (Deceased) Emma
20. Abigail
21. Big Big Mia
22. (Deceased) Big Emma
23. (Deceased) Mia
24. (Deceased) Sophia
25. (Deceased) William
26. Big Big Jacob
27. (Deceased) Jacob
