1. (Deceased) Daniel
2. (Deceased) Madison
3. (Deceased) Jayden
4. (Deceased) Big Big William
5. (Deceased) Big Big Big Daniel
6. (Deceased) Big Big Big Ethan
7. (Deceased) Emily
8. (Deceased) Ava
9. Big Big Big Big Big Abigail
10. (Deceased) Jayden
11. (Deceased) Big Emily
12. (Deceased) Big Chloe
13. (Deceased) Isabella
14. (Deceased) William
15. (Deceased) Big Alexander
16. (Deceased) Big Emily
17. (Deceased) Isabella
18. (Deceased) Olivia
19. (Deceased) Sophia
20. (Deceased) Mia
21. (Deceased) Anthony
22. (Deceased) Mia
23. (Deceased) Big Big Abigail
24. (Deceased) Madison
25. (Deceased) Olivia
26. (Deceased) Big Big Big Big Big Sophia
27. (Deceased) Ava
28. (Deceased) Aiden
29. (Deceased) Alexander
30. (Deceased) Big Michael
31. (Deceased) Big Big Michael
32. Big Alexander
33. (Deceased) Jayden
34. (Deceased) Big Jayden
35. (Deceased) Abigail
36. (Deceased) Daniel
37. (Deceased) Chloe
38. (Deceased) Madison
39. (Deceased) Big Big Aiden
40. (Deceased) Emily
41. (Deceased) Olivia
42. (Deceased) Daniel
43. (Deceased) Big Michael
44. (Deceased) Abigail
45. (Deceased) Big William
46. (Deceased) Big William
47. (Deceased) Sophia
48. (Deceased) Big Michael
49. (Deceased) Jacob
50. (Deceased) Sophia
51. (Deceased) Jayden
52. (Deceased) Olivia
53. (Deceased) Ava
54. (Deceased) Big Big Big Big Big Big Sophia
55. (Deceased) Big Big Daniel
56. (Deceased) Big Anthony
57. (Deceased) Mia
58. (Deceased) Michael
59. Big Big Big Big Isabella
60. Big Big Emily
61. (Deceased) Big Anthony
62. (Deceased) Mia
63. (Deceased) Daniel
64. (Deceased) Big Big Olivia
65. (Deceased) William
66. (Deceased) Big Mia
67. (Deceased) William
68. Big Big Big Big Big Big Big Big Olivia
69. (Deceased) Big Madison
70. (Deceased) Big Big Big Anthony
71. (Deceased) Jacob
