1. (Deceased) Mia
2. (Deceased) Emma
3. (Deceased) Big Jacob
4. (Deceased) Alexander
5. Big Big Big Big Aiden
6. Big Big Big Big Anthony
7. (Deceased) Big Big Chloe
8. Big Big Big Big Aiden
9. (Deceased) Olivia
10. (Deceased) Abigail
11. (Deceased) Aiden
12. (Deceased) Big Michael
13. (Deceased) Noah
14. (Deceased) Big Noah
15. (Deceased) Big Ethan
16. (Deceased) Big Anthony
17. Big Big Abigail
18. (Deceased) Jacob
19. (Deceased) Emma
20. (Deceased) Big Big Anthony
21. Big Big Big William
22. (Deceased) Isabella
23. (Deceased) Emily
24. (Deceased) Isabella
25. (Deceased) Big Ava
26. (Deceased) Jacob
27. (Deceased) Emily
28. (Deceased) Big Big Big Big Mia
29. (Deceased) Mia
30. (Deceased) Big Jacob
31. (Deceased) Big Big Ethan
32. (Deceased) Ethan
33. (Deceased) Jacob
34. (Deceased) Big Sophia
35. (Deceased) Jacob
36. (Deceased) Madison
37. (Deceased) Daniel
38. (Deceased) Emma
39. (Deceased) Big Chloe
40. (Deceased) Big Big Big Ethan
41. (Deceased) Big Big Ethan
42. (Deceased) Jacob
43. (Deceased) Ethan
44. (Deceased) Emily
45. Big Big Daniel
46. (Deceased) Isabella
47. (Deceased) William
48. (Deceased) Michael
49. (Deceased) Big Alexander
50. (Deceased) Big Michael
51. (Deceased) Daniel
52. (Deceased) Jacob
53. (Deceased) Big Aiden
54. (Deceased) Olivia
55. (Deceased) Daniel
56. (Deceased) Jacob
57. (Deceased) Emma
58. (Deceased) Big Ethan
59. (Deceased) Emily
60. (Deceased) Alexander
61. (Deceased) Big Big Big Aiden
62. (Deceased) Abigail
63. (Deceased) Mia
64. (Deceased) Sophia
65. (Deceased) Big Big Michael
66. (Deceased) Big Big Big Emma
67. (Deceased) Big Anthony
68. (Deceased) Big Big Ethan
69. (Deceased) Emily
70. (Deceased) Big Big Big Big Olivia
71. (Deceased) Big Michael
72. (Deceased) Sophia
73. (Deceased) Daniel
74. (Deceased) Isabella
75. Big Big Big Big Big Big Chloe
76. (Deceased) Big Big Big Big Big Alexander
77. (Deceased) Madison
78. (Deceased) Madison
79. (Deceased) Noah
80. (Deceased) Sophia
81. (Deceased) Aiden
82. (Deceased) Big Mia
83. (Deceased) Big Abigail
84. Big Isabella
85. (Deceased) Chloe
86. (Deceased) Big Isabella
