1. Chloe
2. Jayden
3. Emma
4. Alexander
5. Ava
6. Abigail
7. Daniel
8. Anthony
9. Daniel
10. Isabella
11. Alexander
12. Anthony
13. Aiden
14. Emily
15. Madison
16. Alexander
17. Olivia
18. Ethan
19. Jayden
20. Isabella
21. Alexander
22. Olivia
23. Olivia
24. Olivia
25. Isabella
26. Jayden
27. Aiden
28. Daniel
29. Abigail
30. Emma
31. Madison
32. Mia
33. Chloe
34. Abigail
35. Ethan
36. William
37. Ava
38. Emily
39. Ava
40. Ethan
41. Isabella
42. Ava
43. Emily
44. Jayden
45. Ava
46. Sophia
47. Jayden
48. Abigail
49. Ethan
50. Ava
51. Emily
52. Madison
53. Jacob
54. Daniel
55. William
56. Ethan
57. Olivia
58. Anthony
59. Mia
60. Sophia
61. Chloe
62. Aiden
63. Emma
64. Daniel
65. Ethan
66. Alexander
67. Aiden
68. Emily
69. Ethan
70. Jayden
