1. (Deceased) Big Noah
2. (Deceased) Daniel
3. (Deceased) Noah
4. Big Big Big Big Noah
5. (Deceased) William
6. (Deceased) Abigail
7. (Deceased) Big Big Abigail
8. (Deceased) Big Big Isabella
9. (Deceased) Big Noah
10. Big Big Big Noah
11. (Deceased) Aiden
12. (Deceased) Chloe
13. (Deceased) Mia
14. (Deceased) Abigail
15. (Deceased) William
16. (Deceased) Ava
17. (Deceased) Big Big Sophia
18. (Deceased) Big Daniel
19. (Deceased) Jacob
20. (Deceased) Big Mia
21. (Deceased) Abigail
22. (Deceased) Chloe
23. (Deceased) Chloe
24. (Deceased) Daniel
25. Big Big Big Olivia
26. (Deceased) Sophia
27. Big Big Big Big Big Aiden
28. (Deceased) Big Alexander
29. Big Big Big Alexander
30. (Deceased) Noah
31. (Deceased) Anthony
32. (Deceased) Noah
33. (Deceased) Big Big Anthony
34. (Deceased) Sophia
35. (Deceased) Mia
36. (Deceased) Abigail
37. (Deceased) Ava
38. (Deceased) Jacob
39. (Deceased) Big Big Olivia
40. (Deceased) Big Big Big Madison
41. Anthony
42. (Deceased) Daniel
43. (Deceased) Alexander
44. (Deceased) Emma
45. (Deceased) Madison
46. (Deceased) Big Jayden
47. (Deceased) Isabella
48. (Deceased) Big Big Jacob
49. Big Big Big Ethan
