1. (Deceased) Noah
2. (Deceased) Big Big Big Big Abigail
3. (Deceased) Big Daniel
4. Big Big Big Big Big Aiden
5. (Deceased) Ava
6. (Deceased) William
7. (Deceased) Sophia
8. (Deceased) Mia
9. (Deceased) Big Big Sophia
10. (Deceased) Daniel
11. (Deceased) Ethan
12. (Deceased) Jayden
13. (Deceased) Big Chloe
14. (Deceased) Jacob
15. (Deceased) Big William
16. (Deceased) Jacob
17. (Deceased) William
18. Big Big Big Big Alexander
19. (Deceased) Big Big Noah
20. (Deceased) Big Big Emma
21. (Deceased) Big Michael
22. (Deceased) William
23. (Deceased) William
24. (Deceased) Jayden
25. (Deceased) Michael
26. (Deceased) Madison
27. (Deceased) Big Alexander
28. (Deceased) Daniel
29. (Deceased) Big Jayden
30. (Deceased) Abigail
31. Big Daniel
32. (Deceased) Ethan
33. (Deceased) Big Abigail
34. (Deceased) Big Big Big Big Jayden
35. (Deceased) Sophia
36. (Deceased) Jayden
37. (Deceased) Daniel
38. (Deceased) Jacob
39. (Deceased) Ava
40. (Deceased) Big Big Chloe
41. Big Big Big Big Big Big Olivia
42. (Deceased) Isabella
43. (Deceased) Big Big Big Jayden
44. (Deceased) Big Isabella
45. (Deceased) Big Olivia
46. (Deceased) Sophia
47. (Deceased) Jacob
48. (Deceased) Aiden
49. (Deceased) Big Chloe
50. (Deceased) Big Ava
51. (Deceased) Emily
52. (Deceased) Sophia
53. (Deceased) Emily
54. (Deceased) Noah
55. (Deceased) Emma
56. (Deceased) Jayden
57. (Deceased) Anthony
58. (Deceased) Big Big Big Abigail
59. (Deceased) Michael
60. (Deceased) Alexander
61. (Deceased) Noah
62. (Deceased) Ethan
63. (Deceased) Alexander
64. (Deceased) Big Emily
65. (Deceased) Emma
66. (Deceased) Emma
67. (Deceased) Ava
68. (Deceased) Ava
69. (Deceased) Alexander
70. (Deceased) William
71. (Deceased) Daniel
72. (Deceased) Big Chloe
73. (Deceased) Big Daniel
74. (Deceased) Sophia
75. (Deceased) Big William
76. (Deceased) Big Big Ava
77. (Deceased) Noah
78. (Deceased) Chloe
79. (Deceased) Big Ethan
80. (Deceased) Big Big Big Big Abigail
81. (Deceased) Big Big Big William
82. Big Big Big Big Big Anthony
83. (Deceased) Big William
84. (Deceased) Big Madison
85. (Deceased) Michael
86. (Deceased) Big Big Madison
87. (Deceased) William
88. (Deceased) Big Olivia
89. (Deceased) Noah
90. (Deceased) Ava
91. (Deceased) Big Big Jacob
92. Big Big Big Big Ethan
93. (Deceased) Ethan
94. (Deceased) Big Big Anthony
95. (Deceased) Big Big Ava
96. (Deceased) Jacob
97. (Deceased) Ava
98. (Deceased) Alexander
99. (Deceased) Madison
100. (Deceased) Big Big Big Big Anthony
101. (Deceased) Aiden
102. (Deceased) Jayden
103. (Deceased) Big Big William
104. (Deceased) Big Michael
105. (Deceased) Emma
106. (Deceased) Chloe
107. (Deceased) Mia
108. (Deceased) Ava
109. (Deceased) Big Emma
110. (Deceased) Chloe
111. (Deceased) Big Ava
112. (Deceased) Emily
113. (Deceased) Big Big Big Big Big Mia
114. (Deceased) Sophia
115. (Deceased) William
116. (Deceased) Ava
117. (Deceased) Noah
118. Big Big Big Big Big Big Big Alexander
119. (Deceased) Madison
120. (Deceased) Big Noah
121. (Deceased) Anthony
122. (Deceased) Aiden
123. (Deceased) Ava
124. (Deceased) Big Big Big Big Aiden
125. (Deceased) Aiden
126. (Deceased) Big Big Big Big Chloe
127. (Deceased) Big Big Big Big Sophia
128. (Deceased) Abigail
129. (Deceased) Big Big Emma
130. (Deceased) Big Big Big Big Emma
131. (Deceased) Ava
132. (Deceased) Daniel
133. (Deceased) Big Big Ava
134. (Deceased) Mia
135. (Deceased) William
136. (Deceased) Chloe
137. (Deceased) Big Chloe
138. (Deceased) Ava
139. (Deceased) Big Big Alexander
140. (Deceased) Big Big Big Anthony
141. (Deceased) Alexander
142. (Deceased) Big Big Big Jacob
143. (Deceased) Olivia
144. (Deceased) Big Isabella
145. (Deceased) Big Big Big Big Abigail
146. (Deceased) Chloe
147. (Deceased) Big Big Big William
148. (Deceased) Big Sophia
149. (Deceased) Daniel
150. (Deceased) Big Abigail
151. (Deceased) Anthony
