1. Big Big Anthony
2. (Deceased) Jayden
3. (Deceased) Big Michael
4. Big Big Daniel
5. (Deceased) Ava
6. (Deceased) Madison
7. (Deceased) Abigail
8. (Deceased) Big Jayden
9. Big Isabella
10. Big Noah
11. (Deceased) Chloe
12. (Deceased) Mia
13. Emily
14. Big Big Jayden
15. (Deceased) Daniel
16. (Deceased) Big Madison
17. (Deceased) Michael
18. (Deceased) Aiden
19. William
20. (Deceased) Abigail
21. (Deceased) Isabella
22. (Deceased) Big Big Noah
23. (Deceased) Madison
24. (Deceased) Isabella
25. (Deceased) Big Big Anthony
26. (Deceased) Big Chloe
27. (Deceased) Big Isabella
28. (Deceased) Big Big Ava
29. (Deceased) Mia
30. Big Alexander
31. Big Big Big Sophia
32. Big Alexander
33. (Deceased) Ethan
34. (Deceased) Aiden
35. Big Emma
36. (Deceased) Big Madison
37. Big Sophia
38. (Deceased) Isabella
39. (Deceased) Mia
40. (Deceased) Madison
41. (Deceased) Sophia
42. (Deceased) Emily
43. Big Big Big Big Isabella
44. (Deceased) Big Jacob
45. (Deceased) Big Jacob
46. (Deceased) Big Big Emma
47. (Deceased) Big Big Chloe
48. (Deceased) Big Sophia
49. (Deceased) Olivia
50. Big Big Big Emily
51. (Deceased) Aiden
52. (Deceased) Olivia
53. (Deceased) Chloe
54. (Deceased) Jacob
55. (Deceased) Emily
