1. Big Mia
2. (Deceased) Aiden
3. (Deceased) Jayden
4. Big Big Big Big Noah
5. (Deceased) Big Alexander
6. (Deceased) Jayden
7. Big Jacob
8. Big Big Big Jacob
9. (Deceased) Aiden
10. (Deceased) Emily
11. (Deceased) Abigail
12. (Deceased) William
13. Big Jacob
14. Big Anthony
15. (Deceased) Olivia
16. (Deceased) Big Mia
17. (Deceased) Emma
18. Big Big William
19. (Deceased) Noah
20. (Deceased) Big Abigail
21. (Deceased) Jayden
22. (Deceased) Abigail
23. (Deceased) Isabella
24. (Deceased) Emily
25. (Deceased) William
26. Big Big Aiden
27. (Deceased) Michael
28. Big Ethan
29. (Deceased) Big Big Ava
30. (Deceased) Alexander
31. (Deceased) Ava
32. (Deceased) Michael
33. Big Big Anthony
