1. Big Big William
2. Mia
3. (Deceased) Big Big Big Isabella
4. (Deceased) Jacob
5. (Deceased) Ethan
6. (Deceased) Big Ethan
7. Big Michael
8. (Deceased) Aiden
9. (Deceased) Isabella
10. (Deceased) Big Big Emily
11. (Deceased) Big Big Abigail
12. (Deceased) Mia
13. (Deceased) Sophia
14. (Deceased) William
15. (Deceased) Emma
16. (Deceased) Big Michael
17. (Deceased) Big Big Big Emma
18. (Deceased) Emily
19. (Deceased) Olivia
20. (Deceased) Sophia
21. (Deceased) Chloe
22. Big Big Big Big Ethan
23. (Deceased) Isabella
24. (Deceased) Abigail
25. (Deceased) Michael
26. Big Big Big Big Big Michael
27. (Deceased) Aiden
28. (Deceased) Sophia
29. (Deceased) Michael
30. (Deceased) Big Emma
