1. Big Ethan
2. (Deceased) Big Big Noah
3. (Deceased) Aiden
4. (Deceased) Anthony
5. Big Big Big Big Emma
6. (Deceased) Mia
7. Big Big Big Big Big Sophia
8. (Deceased) Emma
9. (Deceased) Olivia
10. (Deceased) Big Big Mia
11. (Deceased) Michael
12. Chloe
13. (Deceased) Emily
14. (Deceased) Michael
15. (Deceased) Alexander
16. (Deceased) Big Emma
17. (Deceased) Big Big Big William
18. (Deceased) William
19. (Deceased) Mia
20. (Deceased) Big Jacob
21. (Deceased) Olivia
22. (Deceased) Jayden
23. (Deceased) Daniel
24. (Deceased) Anthony
25. (Deceased) Abigail
26. (Deceased) Anthony
27. (Deceased) Big Emma
28. Big Big Big Big Jayden
29. (Deceased) Jayden
30. (Deceased) Ava
31. Big Madison
