1. (Deceased) Big Abigail
2. Big Big Mia
3. (Deceased) Ava
4. (Deceased) Emma
5. (Deceased) Chloe
6. Big Big Ethan
7. Big Big Big Big Big Anthony
8. (Deceased) Big Daniel
9. Big Mia
10. Big Ethan
11. (Deceased) William
12. (Deceased) Abigail
13. (Deceased) Jacob
14. (Deceased) Daniel
15. (Deceased) Aiden
16. Madison
17. Jayden
18. (Deceased) Jacob
19. (Deceased) Anthony
20. Big Isabella
21. (Deceased) Big Big Big Chloe
22. (Deceased) Madison
23. Big Noah
24. (Deceased) Big Ava
25. (Deceased) William
26. (Deceased) Big Big Big Mia
27. (Deceased) Big Madison
28. (Deceased) Emily
29. (Deceased) Aiden
30. (Deceased) Big Jayden
31. (Deceased) Noah
32. (Deceased) Sophia
33. (Deceased) Mia
