1. (Deceased) Ava
2. (Deceased) Isabella
3. (Deceased) Big Emma
4. (Deceased) Mia
5. (Deceased) Big Abigail
6. (Deceased) Olivia
7. (Deceased) Abigail
8. (Deceased) Big Alexander
9. (Deceased) Madison
10. (Deceased) Big Big Big Michael
11. (Deceased) Sophia
12. (Deceased) Big Ava
13. (Deceased) Jayden
14. (Deceased) Big Sophia
15. (Deceased) Big Big Big Emma
16. (Deceased) Abigail
17. (Deceased) Madison
18. (Deceased) Alexander
19. (Deceased) Big Madison
20. (Deceased) Big Big William
21. (Deceased) Daniel
22. (Deceased) Noah
23. (Deceased) Big Noah
24. (Deceased) Emily
25. Big Big Big Big Big Chloe
26. (Deceased) Big Big Big Big Big Isabella
27. (Deceased) Jayden
28. (Deceased) Big Big Noah
29. (Deceased) Big Big Daniel
30. Big Big Big Big Abigail
31. (Deceased) Mia
32. (Deceased) Ethan
33. (Deceased) William
34. (Deceased) Chloe
35. (Deceased) Olivia
36. (Deceased) Olivia
37. (Deceased) Big Daniel
38. (Deceased) Ava
39. (Deceased) Madison
40. (Deceased) Big Big Big Big Ava
41. (Deceased) Emma
42. (Deceased) Olivia
43. (Deceased) Big Big Chloe
44. (Deceased) Madison
45. (Deceased) Jacob
46. (Deceased) Big Chloe
47. (Deceased) Mia
48. (Deceased) Chloe
49. (Deceased) Big Big Anthony
50. (Deceased) Big Ava
51. (Deceased) Michael
52. (Deceased) Isabella
53. (Deceased) Big Chloe
54. Olivia
55. (Deceased) Big Aiden
56. (Deceased) Sophia
57. (Deceased) Ethan
58. (Deceased) Aiden
59. (Deceased) Chloe
60. (Deceased) Big Big Jacob
61. (Deceased) Big Big Emily
62. Big Big Big Big Big Big Mia
63. (Deceased) William
64. (Deceased) Big Big Anthony
65. (Deceased) Madison
66. (Deceased) Isabella
67. (Deceased) Big Big Isabella
68. (Deceased) Big Big Anthony
69. (Deceased) Alexander
70. Big Big Big Big Big Big Daniel
71. (Deceased) Emily
72. (Deceased) Big Daniel
73. (Deceased) Jacob
74. (Deceased) Abigail
