1. (Deceased) Emma
2. (Deceased) Mia
3. (Deceased) Jacob
4. (Deceased) Noah
5. (Deceased) Big Big Noah
6. (Deceased) Madison
7. (Deceased) Big Big Chloe
8. (Deceased) Jayden
9. (Deceased) Ava
10. (Deceased) William
11. (Deceased) Daniel
12. (Deceased) Anthony
13. (Deceased) Alexander
14. (Deceased) Aiden
15. (Deceased) Big Big Jacob
16. (Deceased) Isabella
17. (Deceased) Big Isabella
18. (Deceased) Big Daniel
19. (Deceased) Noah
20. (Deceased) Big Abigail
21. (Deceased) Jayden
22. (Deceased) Ethan
23. (Deceased) Big Anthony
24. (Deceased) Big Emily
25. (Deceased) Big Isabella
26. (Deceased) Daniel
27. (Deceased) Olivia
28. (Deceased) Olivia
29. (Deceased) William
30. Big Chloe
31. (Deceased) Chloe
32. (Deceased) Big Michael
33. Big Big Big Big Big Madison
34. (Deceased) Daniel
35. (Deceased) Abigail
36. (Deceased) Abigail
37. (Deceased) Anthony
38. (Deceased) Big Big Big Big Ava
39. (Deceased) Aiden
40. (Deceased) Big Michael
41. (Deceased) Isabella
42. (Deceased) Abigail
43. (Deceased) Big Big Big Isabella
44. (Deceased) Anthony
45. Big Big Big Big Big Isabella
46. (Deceased) Aiden
47. (Deceased) Big Noah
48. Big Big Daniel
49. (Deceased) Ethan
50. (Deceased) William
51. (Deceased) Big Madison
52. (Deceased) Big Big Big Anthony
53. (Deceased) Big Emma
54. Big Big Big Ava
55. (Deceased) Chloe
56. (Deceased) Chloe
57. Big Big Big Big Big Big Big Anthony
58. (Deceased) Anthony
59. (Deceased) Anthony
60. (Deceased) Anthony
61. (Deceased) Big Chloe
62. (Deceased) Big Big Chloe
63. (Deceased) Ava
64. (Deceased) Isabella
65. (Deceased) Jacob
66. (Deceased) Noah
67. Daniel
68. (Deceased) Big William
69. Big Big Big Big Big Ava
70. (Deceased) Emily
71. (Deceased) Michael
72. (Deceased) Big Jayden
73. (Deceased) Big Big Big Big Anthony
74. Big Big Chloe
75. (Deceased) Big Sophia
76. Big Big Big Big Big Ava
77. (Deceased) Michael
78. (Deceased) Ethan
79. (Deceased) Noah
80. (Deceased) Big Big Big Big Jacob
81. (Deceased) Big Big William
82. Big Big Big Aiden
83. (Deceased) Emma
84. (Deceased) Big Jacob
85. (Deceased) Sophia
86. (Deceased) Ava
87. (Deceased) Emma
88. (Deceased) Isabella
89. (Deceased) Jacob
90. (Deceased) Big Big Emily
91. (Deceased) Mia
92. (Deceased) Michael
93. (Deceased) Daniel
94. (Deceased) Big Abigail
95. (Deceased) Isabella
96. (Deceased) Emma
97. (Deceased) Big Big Jacob
98. (Deceased) Ava
99. Big Big William
100. Daniel
101. (Deceased) Isabella
102. (Deceased) Big Big Big Emma
103. (Deceased) Alexander
104. (Deceased) Big Ava
105. (Deceased) Ethan
106. (Deceased) Big Emily
107. (Deceased) Big Big Isabella
108. (Deceased) Big Jayden
109. (Deceased) Big Big Olivia
110. (Deceased) Big Jayden
111. (Deceased) Big Big Big Big William
112. (Deceased) Abigail
113. (Deceased) Chloe
114. (Deceased) Noah
115. (Deceased) Ava
116. (Deceased) Big Big Daniel
117. (Deceased) Michael
118. (Deceased) Aiden
119. (Deceased) Big Big Anthony
120. (Deceased) Anthony
121. (Deceased) Big Big Sophia
122. (Deceased) Michael
123. (Deceased) Big Ethan
124. (Deceased) Jacob
