1. (Deceased) Ethan
2. Big Big Big Noah
3. Big Big Aiden
4. (Deceased) Noah
5. (Deceased) Big Ava
6. (Deceased) Big Big Big Abigail
7. Big Big Big Big Big Michael
8. Big Big Big Abigail
9. Emma
10. (Deceased) Big Big Olivia
11. (Deceased) Daniel
12. Big Big Emily
13. (Deceased) William
14. (Deceased) Jayden
15. (Deceased) Anthony
16. (Deceased) Big Sophia
17. (Deceased) Isabella
18. (Deceased) Abigail
19. Big Big Jacob
20. (Deceased) Michael
21. (Deceased) Madison
22. (Deceased) Jayden
23. (Deceased) Abigail
24. Big Big Abigail
25. (Deceased) Mia
26. (Deceased) Anthony
27. (Deceased) Big Sophia
28. (Deceased) Ava
29. (Deceased) Anthony
30. (Deceased) Big Jayden
31. (Deceased) Ethan
32. (Deceased) Big Sophia
33. (Deceased) Chloe
34. (Deceased) Alexander
35. (Deceased) Alexander
36. (Deceased) Chloe
37. (Deceased) Big Aiden
38. (Deceased) Alexander
39. (Deceased) Emma
40. (Deceased) Big Big Chloe
41. Big Big Emma
42. (Deceased) Alexander
43. Big Michael
44. (Deceased) Big Emma
45. (Deceased) Ethan
46. (Deceased) Noah
