1. (Deceased) Emma
2. (Deceased) Big Anthony
3. (Deceased) Madison
4. (Deceased) Madison
5. (Deceased) Mia
6. (Deceased) Chloe
7. (Deceased) Emily
8. (Deceased) Big Abigail
9. (Deceased) Big Big Big Big Chloe
10. (Deceased) Big Ethan
11. (Deceased) Emily
12. (Deceased) Olivia
13. (Deceased) Jacob
14. (Deceased) Big Big Big Emily
15. (Deceased) Big Big Big Mia
16. (Deceased) Aiden
17. (Deceased) Michael
18. (Deceased) Jayden
19. (Deceased) Jayden
20. (Deceased) Anthony
21. (Deceased) Chloe
22. (Deceased) Madison
23. (Deceased) Aiden
24. (Deceased) Olivia
25. (Deceased) Big Ava
26. (Deceased) Olivia
27. (Deceased) Noah
28. (Deceased) Big Big Big Big Jayden
29. (Deceased) Big Daniel
30. (Deceased) Mia
31. Big Big Big Ava
32. (Deceased) Michael
33. Big Big Big Big Big Big Madison
34. (Deceased) Alexander
35. (Deceased) Big Anthony
36. (Deceased) Big Noah
37. Big Big Big Big Jayden
38. (Deceased) Anthony
39. (Deceased) Mia
40. (Deceased) Abigail
41. Big Big Big Big Jayden
42. (Deceased) Jacob
43. (Deceased) Big Big Emma
44. (Deceased) Big Anthony
45. Big Big Big Emily
46. (Deceased) Aiden
47. (Deceased) Madison
48. (Deceased) Big Michael
49. (Deceased) Big Big Madison
50. (Deceased) Big Big Big Big Ava
51. (Deceased) Isabella
52. (Deceased) Sophia
53. (Deceased) Daniel
54. (Deceased) Aiden
55. Big Big Big Emily
56. (Deceased) Madison
57. (Deceased) Ava
58. (Deceased) Emma
59. (Deceased) Isabella
60. (Deceased) Michael
61. (Deceased) Emma
62. (Deceased) William
63. (Deceased) Noah
64. (Deceased) Big Big Big Aiden
65. (Deceased) Big Emily
66. (Deceased) Big Big Big Ava
67. (Deceased) Big Aiden
68. (Deceased) Isabella
69. (Deceased) Ethan
70. (Deceased) Big Ethan
71. (Deceased) Abigail
72. Big Big Big Big Big Ethan
73. (Deceased) Big Big Abigail
74. (Deceased) Big Big Noah
75. (Deceased) Michael
76. (Deceased) Olivia
77. (Deceased) Big Chloe
78. (Deceased) Michael
79. (Deceased) Big Michael
80. (Deceased) Emma
81. (Deceased) Big Big Chloe
82. Big Jacob
83. (Deceased) Big Daniel
84. (Deceased) Sophia
85. (Deceased) Ava
86. (Deceased) Big William
87. Big Big Michael
88. (Deceased) Jayden
89. (Deceased) Big Big Aiden
90. (Deceased) Big Big Madison
91. (Deceased) Ethan
92. (Deceased) Emily
93. (Deceased) Anthony
94. (Deceased) Chloe
