1. Big Big Big Big Big Aiden
2. (Deceased) Isabella
3. (Deceased) Big Alexander
4. (Deceased) Noah
5. (Deceased) Big Abigail
6. (Deceased) Ethan
7. (Deceased) Big Big Jacob
8. (Deceased) Mia
9. (Deceased) Alexander
10. (Deceased) Big Big Alexander
11. Big Olivia
12. (Deceased) Ava
13. Big Big Big Big Madison
14. (Deceased) Jacob
15. (Deceased) Daniel
16. (Deceased) Big Chloe
17. (Deceased) Abigail
18. (Deceased) Big Ava
19. (Deceased) Jacob
20. (Deceased) Chloe
21. (Deceased) Big Emma
22. (Deceased) Olivia
