1. (Deceased) Big William
2. Big Big Emma
3. William
4. Big Big Jacob
5. (Deceased) Big Emily
6. (Deceased) Big Emily
7. (Deceased) Emma
8. Madison
9. (Deceased) Sophia
10. (Deceased) Michael
11. (Deceased) Sophia
12. (Deceased) Big Big Madison
13. Big Big Big William
14. (Deceased) Big Mia
15. (Deceased) Emma
16. (Deceased) Abigail
17. Alexander
18. (Deceased) Michael
19. (Deceased) Alexander
20. (Deceased) Chloe
21. Big Big Michael
22. (Deceased) Alexander
23. (Deceased) Madison
24. (Deceased) Emily
25. (Deceased) Big Ava
26. (Deceased) Daniel
27. William
28. (Deceased) Big Chloe
29. (Deceased) Emily
30. (Deceased) Alexander
31. Big Big Big Big Big Ethan
32. (Deceased) Jayden
33. (Deceased) Big Big Big Emily
34. (Deceased) Michael
35. Big Noah
36. (Deceased) Big Sophia
37. (Deceased) Madison
