1. Big Big Isabella
2. (Deceased) Jayden
3. (Deceased) Isabella
4. Alexander
5. (Deceased) Mia
6. (Deceased) Mia
7. (Deceased) Mia
8. (Deceased) Sophia
9. Big Big Big Big Aiden
10. Olivia
11. (Deceased) Isabella
12. (Deceased) Daniel
13. (Deceased) Big Ava
14. (Deceased) Emma
15. (Deceased) Isabella
16. (Deceased) Isabella
17. (Deceased) Daniel
18. (Deceased) Big Aiden
19. Big Big Jayden
20. (Deceased) Jayden
21. (Deceased) Big Ava
22. (Deceased) Alexander
23. (Deceased) Big Big Noah
24. (Deceased) Sophia
25. Big Big Michael
26. (Deceased) Big Madison
27. (Deceased) Big Big Big Big Big William
28. (Deceased) Big Abigail
