1. Big Jacob
2. Isabella
3. (Deceased) Sophia
4. Big Noah
5. Big Ethan
6. Abigail
7. Jacob
8. (Deceased) Jacob
9. (Deceased) Ethan
10. Big Emma
11. Jayden
12. (Deceased) William
13. Mia
14. (Deceased) Isabella
15. (Deceased) Olivia
16. Big Big Michael
17. Ava
18. Big Jacob
19. Mia
20. Big Alexander
21. (Deceased) Big Ava
22. (Deceased) Ava
23. Big Big Noah
24. (Deceased) Jacob
25. Ava
26. Big Ethan
27. Big Big Michael
28. (Deceased) Olivia
29. Sophia
30. (Deceased) Ava
31. Michael
32. Ethan
33. (Deceased) Ethan
34. Big Madison
35. Mia
36. Abigail
37. Mia
38. Big Jayden
39. (Deceased) Chloe
40. (Deceased) Anthony
41. Daniel
42. (Deceased) Daniel
43. Noah
44. William
45. (Deceased) Mia
46. Ava
47. Jacob
48. (Deceased) Alexander
49. Chloe
50. Madison
51. Big Daniel
52. Madison
53. Aiden
54. Big Daniel
55. Aiden
56. Madison
57. Big Emma
58. Big Noah
59. Daniel
60. Isabella
61. Daniel
62. Mia
63. Anthony
64. (Deceased) Chloe
65. (Deceased) Ava
66. Big Abigail
67. (Deceased) Isabella
68. Madison
69. (Deceased) Emily
70. William
71. Isabella
72. Big Ava
73. Isabella
74. Big Anthony
75. (Deceased) Olivia
76. (Deceased) Mia
