1. (Deceased) Ethan
2. (Deceased) Chloe
3. (Deceased) William
4. (Deceased) Big Big Aiden
5. (Deceased) Big Mia
6. (Deceased) Jacob
7. (Deceased) Mia
8. (Deceased) Noah
9. (Deceased) Chloe
10. (Deceased) Alexander
11. (Deceased) Sophia
12. (Deceased) Daniel
13. (Deceased) Sophia
14. (Deceased) Big Big Big Big Madison
15. (Deceased) Big Ethan
16. (Deceased) Alexander
17. (Deceased) Big Ava
18. (Deceased) Olivia
19. (Deceased) Ava
20. (Deceased) Anthony
21. (Deceased) Big Big Big Big Isabella
22. (Deceased) Aiden
23. (Deceased) Big Noah
24. (Deceased) Big Big Big Big Big Emily
25. Big Big Big Big Aiden
26. (Deceased) Emma
27. (Deceased) Ethan
28. (Deceased) Alexander
29. Big Big Olivia
30. (Deceased) Big Big Emma
31. (Deceased) Big Emily
32. (Deceased) Mia
33. (Deceased) Jayden
34. (Deceased) Big Big Big Jayden
35. (Deceased) Sophia
36. (Deceased) Big Madison
37. (Deceased) Abigail
38. (Deceased) Abigail
39. (Deceased) Emily
40. (Deceased) Big Big Olivia
41. (Deceased) Big Abigail
42. (Deceased) Big Mia
43. Big Big Big Big Big Isabella
44. (Deceased) Abigail
45. (Deceased) William
46. (Deceased) Big Mia
47. (Deceased) Big Daniel
48. (Deceased) Alexander
49. (Deceased) Madison
50. (Deceased) Aiden
51. (Deceased) Big Big Ava
52. (Deceased) Alexander
53. (Deceased) Jayden
54. (Deceased) Michael
55. (Deceased) Abigail
56. (Deceased) Big Aiden
57. (Deceased) Big Big Big Emma
58. (Deceased) Jacob
59. (Deceased) Aiden
60. (Deceased) Chloe
61. (Deceased) Abigail
62. (Deceased) Big Big Big Emma
63. (Deceased) Big Big Big Big Mia
64. (Deceased) Madison
65. (Deceased) Sophia
66. (Deceased) Big Aiden
67. (Deceased) Big Jacob
68. (Deceased) Big Michael
69. (Deceased) Emily
70. (Deceased) Anthony
71. (Deceased) Madison
72. (Deceased) Michael
73. (Deceased) Daniel
74. (Deceased) Jacob
75. (Deceased) Ethan
76. (Deceased) Mia
77. (Deceased) Ethan
78. (Deceased) Jacob
79. (Deceased) Chloe
80. (Deceased) Aiden
81. (Deceased) Big Alexander
82. (Deceased) Emma
83. (Deceased) Big Ethan
84. Big Big Big Big Alexander
85. (Deceased) Big Anthony
86. (Deceased) Big Michael
87. (Deceased) Chloe
88. (Deceased) William
89. (Deceased) Big Big Big Daniel
90. (Deceased) Chloe
91. (Deceased) Ethan
92. (Deceased) Big Ethan
93. (Deceased) Big Big Big Big Isabella
94. (Deceased) Ethan
95. (Deceased) Abigail
96. (Deceased) Madison
97. (Deceased) Big Olivia
98. Big Big Big Big Big Big Big Big Michael
99. (Deceased) Isabella
100. (Deceased) Anthony
101. (Deceased) Noah
102. Big Big Big Big Daniel
103. (Deceased) Jacob
104. (Deceased) Ethan
105. (Deceased) Jacob
106. (Deceased) Sophia
107. (Deceased) Big Big Isabella
108. (Deceased) Madison
109. (Deceased) Alexander
110. (Deceased) Jayden
111. (Deceased) Big Big Big Abigail
112. (Deceased) Big Big Aiden
113. (Deceased) Aiden
114. (Deceased) Noah
115. Big Big Big Big Big Noah
116. (Deceased) Alexander
117. (Deceased) Big Olivia
118. (Deceased) Noah
119. (Deceased) Noah
120. (Deceased) Noah
121. (Deceased) Big Big Big Big Big Big Big Big Big Olivia
122. (Deceased) Big Big Jacob
123. (Deceased) Big Big Big Big Abigail
124. (Deceased) Jayden
125. (Deceased) Noah
126. (Deceased) Emma
127. Big Big Big Big Big Big Noah
128. (Deceased) Big Big Alexander
129. (Deceased) Abigail
130. (Deceased) Noah
131. (Deceased) Big Alexander
132. (Deceased) Aiden
133. (Deceased) Emily
134. (Deceased) Big Big Olivia
135. (Deceased) Jacob
136. (Deceased) Big Emma
137. (Deceased) Big Emily
138. (Deceased) Big Jayden
139. (Deceased) Big Emma
140. (Deceased) Olivia
141. (Deceased) Ava
142. (Deceased) Madison
143. (Deceased) Michael
144. (Deceased) Jacob
145. (Deceased) Big Big Michael
146. (Deceased) Alexander
147. (Deceased) Michael
148. (Deceased) Big Ava
149. (Deceased) Chloe
150. (Deceased) Big Big Anthony
151. (Deceased) Big Abigail
152. (Deceased) Big Big Big Chloe
153. (Deceased) Michael
154. (Deceased) Anthony
155. (Deceased) Big Big Big Aiden
156. (Deceased) Michael
157. (Deceased) Big Big Noah
158. (Deceased) Big Big William
159. (Deceased) Aiden
160. (Deceased) Big Big Big Big Big Michael
161. (Deceased) Big Daniel
