1. (Deceased) Ethan
2. Big Big Big Big Big Ethan
3. (Deceased) Michael
4. (Deceased) Ethan
5. (Deceased) Emma
6. (Deceased) Abigail
7. (Deceased) Madison
8. (Deceased) William
9. (Deceased) Mia
10. (Deceased) Daniel
11. Abigail
12. (Deceased) Big Isabella
13. (Deceased) Big Big Jayden
14. Big Michael
15. Big Big Big Big Madison
16. (Deceased) Big Big Big Aiden
17. (Deceased) Aiden
18. (Deceased) Big Big Abigail
19. Big Big Big Alexander
20. (Deceased) Mia
21. (Deceased) Big Big Big Ethan
22. (Deceased) Michael
23. Big Big Big Big Ava
24. (Deceased) Michael
25. (Deceased) Jacob
26. (Deceased) Big Big Olivia
27. (Deceased) Emily
28. (Deceased) Alexander
29. (Deceased) Big Alexander
30. (Deceased) Big Big Alexander
31. (Deceased) Michael
32. Anthony
33. (Deceased) William
34. (Deceased) Noah
35. (Deceased) Big Big Anthony
36. (Deceased) Michael
37. Big Big Alexander
38. Big Big Big Aiden
39. (Deceased) Emily
40. (Deceased) Big Big Big Big Big Big Big Big Olivia
41. (Deceased) Big William
42. (Deceased) Madison
43. (Deceased) Jacob
44. (Deceased) Madison
45. (Deceased) Abigail
46. (Deceased) Mia
47. (Deceased) Aiden
48. (Deceased) Ethan
49. (Deceased) Jacob
50. (Deceased) Sophia
51. (Deceased) Noah
52. (Deceased) Big Olivia
53. (Deceased) Big Big Big Big Chloe
54. Big Big Big Big Noah
55. (Deceased) Big Big Madison
56. Big William
57. (Deceased) Sophia
58. (Deceased) Big Olivia
59. (Deceased) Emily
60. Big Emily
61. (Deceased) Olivia
62. (Deceased) Big Ethan
63. (Deceased) Aiden
64. (Deceased) Aiden
65. (Deceased) Emily
66. (Deceased) Michael
67. (Deceased) Big Daniel
68. (Deceased) Emily
69. (Deceased) Jacob
70. (Deceased) Isabella
71. (Deceased) Emily
72. (Deceased) Big Emma
73. (Deceased) Emily
74. (Deceased) Big Big Big Aiden
75. (Deceased) Isabella
76. (Deceased) Big Chloe
77. (Deceased) Big Madison
78. (Deceased) Jacob
79. (Deceased) Big Sophia
80. (Deceased) Big Big Big Big Abigail
81. (Deceased) Big Noah
82. Big Big Big Big William
83. (Deceased) Daniel
84. (Deceased) Olivia
85. (Deceased) Emily
86. (Deceased) Olivia
87. (Deceased) Jacob
88. (Deceased) Big Emily
89. (Deceased) Olivia
90. Anthony
91. (Deceased) Big Alexander
92. (Deceased) Daniel
93. (Deceased) Alexander
94. (Deceased) Big Emily
95. (Deceased) Ethan
96. (Deceased) Noah
97. (Deceased) William
98. (Deceased) Anthony
