1. (Deceased) Big Mia
2. (Deceased) Big Emma
3. (Deceased) Big Abigail
4. (Deceased) Big Big Big Sophia
5. (Deceased) Big Mia
6. (Deceased) Mia
7. (Deceased) Big Olivia
8. (Deceased) Alexander
9. (Deceased) Big Big Big Big William
10. (Deceased) Daniel
11. (Deceased) Big Big Jacob
12. (Deceased) Daniel
13. (Deceased) Noah
14. (Deceased) Isabella
15. (Deceased) Jayden
16. (Deceased) Daniel
17. (Deceased) Michael
18. (Deceased) Anthony
19. (Deceased) Big Big Mia
20. (Deceased) Jacob
21. (Deceased) Chloe
22. (Deceased) Isabella
23. (Deceased) Jayden
24. (Deceased) Mia
25. (Deceased) Noah
26. (Deceased) Big Noah
27. (Deceased) Big Big Daniel
28. (Deceased) Emma
29. Big Isabella
30. (Deceased) Big William
31. (Deceased) Olivia
32. (Deceased) Big Jayden
33. (Deceased) Sophia
34. (Deceased) Ethan
35. (Deceased) Big Aiden
36. (Deceased) Ethan
37. (Deceased) Emma
38. (Deceased) Big Michael
39. (Deceased) Big Big Ethan
40. (Deceased) Big Emma
41. (Deceased) Big William
42. (Deceased) Big Alexander
43. (Deceased) Big Big Ethan
44. (Deceased) Abigail
45. (Deceased) Big Big Emily
46. Big Big Big Big Aiden
47. (Deceased) Big Daniel
48. (Deceased) Emily
49. (Deceased) Big Big Olivia
50. (Deceased) Emily
51. (Deceased) Aiden
52. Jacob
53. (Deceased) Michael
54. (Deceased) Chloe
55. (Deceased) Aiden
56. (Deceased) Olivia
57. (Deceased) Big Sophia
58. (Deceased) Big Emma
59. (Deceased) Madison
60. (Deceased) Mia
61. (Deceased) Aiden
62. (Deceased) Big William
63. Big Big Big Big Mia
64. Big Big Big Big Daniel
65. (Deceased) Olivia
66. (Deceased) Ethan
67. (Deceased) Big Ethan
68. (Deceased) Mia
69. (Deceased) Ethan
70. (Deceased) Big Emily
71. (Deceased) Aiden
72. (Deceased) Emma
73. (Deceased) Noah
74. (Deceased) Daniel
75. (Deceased) Aiden
76. (Deceased) Madison
77. (Deceased) Big Emma
78. (Deceased) Ava
79. (Deceased) Ava
80. (Deceased) Big Alexander
81. Big Big Big Big Mia
82. (Deceased) Chloe
83. (Deceased) Ethan
84. (Deceased) Emily
85. (Deceased) Big Big Alexander
86. (Deceased) Big Ethan
87. (Deceased) William
88. (Deceased) Emma
89. (Deceased) Jacob
90. Big Big Big Big Big Big Big Emma
91. (Deceased) Jacob
92. (Deceased) Michael
93. (Deceased) Big Big Big Sophia
94. (Deceased) Big Mia
95. (Deceased) Alexander
96. (Deceased) Isabella
97. (Deceased) Big Abigail
98. (Deceased) Big Jayden
99. (Deceased) Big Sophia
100. (Deceased) Isabella
101. (Deceased) Big Big Big Big Chloe
102. (Deceased) Big Big Big Daniel
103. (Deceased) Michael
104. (Deceased) Big Big Big Big Emily
105. (Deceased) Big Jayden
106. (Deceased) Anthony
107. (Deceased) Emily
108. (Deceased) William
109. (Deceased) Alexander
110. (Deceased) Big Big Big Jacob
111. (Deceased) Abigail
112. (Deceased) Sophia
113. (Deceased) Ava
114. Big Big Emily
115. (Deceased) Big Big Michael
116. (Deceased) Daniel
117. (Deceased) Aiden
118. (Deceased) Sophia
119. (Deceased) Big Big Ethan
120. (Deceased) Ava
121. (Deceased) Big Big Big Big Big Sophia
122. (Deceased) Big Daniel
123. Big Big Big Michael
124. (Deceased) Big Ethan
125. (Deceased) Anthony
126. (Deceased) Big Olivia
127. (Deceased) Michael
128. (Deceased) Abigail
129. (Deceased) Big Big Mia
130. (Deceased) Big Big Big Big Big Big Sophia
131. (Deceased) Aiden
132. (Deceased) Mia
133. (Deceased) Isabella
134. (Deceased) Daniel
135. Big Big Big Big Big Alexander
136. Big Big Ethan
137. (Deceased) Alexander
138. (Deceased) Emily
139. (Deceased) Michael
140. (Deceased) Ethan
141. (Deceased) Aiden
142. Big Big Big Madison
143. (Deceased) Noah
144. (Deceased) Mia
145. Big Big Big Jayden
146. (Deceased) Noah
147. (Deceased) Big Big Big Big Big Emily
148. (Deceased) Isabella
149. (Deceased) Big Alexander
150. (Deceased) Jacob
151. (Deceased) Big Big Big Jacob
