1. (Deceased) Big Olivia
2. Big Big Emily
3. (Deceased) Big Isabella
4. (Deceased) Big Big Isabella
5. (Deceased) Abigail
6. (Deceased) Big Sophia
7. (Deceased) Chloe
8. (Deceased) Mia
9. (Deceased) Big Noah
10. (Deceased) Mia
11. (Deceased) Big Olivia
12. (Deceased) Sophia
13. (Deceased) Aiden
14. (Deceased) Olivia
15. (Deceased) Michael
16. (Deceased) Anthony
17. (Deceased) Abigail
18. (Deceased) Big Big Big Noah
19. (Deceased) Big Big William
20. Big Big Jacob
21. (Deceased) Big Big Jacob
22. (Deceased) Ethan
23. (Deceased) Michael
24. (Deceased) Noah
25. (Deceased) Big Big Abigail
26. (Deceased) Big Big Mia
27. (Deceased) William
28. (Deceased) Emma
29. (Deceased) Olivia
30. (Deceased) Jacob
31. (Deceased) Olivia
32. (Deceased) Chloe
33. Big Big Big Big Michael
34. (Deceased) Jacob
35. (Deceased) Chloe
36. (Deceased) Big Big Big Michael
37. (Deceased) Big Mia
38. (Deceased) Anthony
39. Big Big Big Big Big Big Alexander
40. (Deceased) Noah
41. (Deceased) Alexander
42. (Deceased) Olivia
43. (Deceased) Anthony
44. (Deceased) Big Big Emily
45. (Deceased) William
46. (Deceased) Big Big Ava
47. (Deceased) Isabella
48. (Deceased) Aiden
49. Big Big Big Big Big Big Sophia
50. (Deceased) Madison
51. (Deceased) Chloe
52. (Deceased) Big Big Mia
53. (Deceased) Ethan
54. (Deceased) Abigail
55. (Deceased) Jacob
56. (Deceased) William
57. (Deceased) Big Big Chloe
58. (Deceased) Michael
59. (Deceased) Big Anthony
60. (Deceased) Big Big Jacob
61. (Deceased) Jayden
62. (Deceased) Big Madison
63. Big Big William
64. (Deceased) Big Chloe
65. (Deceased) Anthony
66. (Deceased) Big Big Big Anthony
67. (Deceased) Ava
68. Big Big Big Big Olivia
69. Big Big Sophia
70. (Deceased) Daniel
71. (Deceased) Daniel
72. Olivia
73. (Deceased) Madison
74. Big Emily
75. (Deceased) Big Emma
76. (Deceased) Big Big Big Jayden
77. (Deceased) Big Big Daniel
78. (Deceased) Chloe
79. (Deceased) Emma
80. (Deceased) Big Big Ava
81. (Deceased) Ethan
82. (Deceased) Big Alexander
83. (Deceased) Big Big William
84. (Deceased) Anthony
85. (Deceased) Daniel
86. (Deceased) Big Big Olivia
87. (Deceased) Aiden
88. Big Big Sophia
89. (Deceased) Daniel
90. (Deceased) Olivia
91. (Deceased) Big Abigail
92. (Deceased) Noah
93. (Deceased) Madison
94. (Deceased) Big Michael
95. (Deceased) Big Michael
96. (Deceased) Mia
97. Big Big Big Big Chloe
98. (Deceased) Noah
99. (Deceased) Olivia
100. (Deceased) Jayden
101. (Deceased) Big Jacob
102. (Deceased) Big Aiden
103. Big Big Aiden
104. (Deceased) William
105. (Deceased) Olivia
106. (Deceased) Mia
