1. Big Big Big Big Big Emma
2. Big Big Madison
3. (Deceased) Alexander
4. (Deceased) Emma
5. (Deceased) Sophia
6. (Deceased) Big Big Daniel
7. (Deceased) Big Isabella
8. (Deceased) Jacob
9. Big Big Big Big Alexander
10. (Deceased) Michael
11. (Deceased) Big Michael
12. (Deceased) Big Daniel
13. (Deceased) Emma
14. (Deceased) Daniel
15. (Deceased) Olivia
16. (Deceased) Noah
17. (Deceased) Emma
18. (Deceased) Big Big Big William
19. Big Daniel
20. (Deceased) Big Big Noah
21. (Deceased) Madison
22. Big Anthony
23. (Deceased) Ava
24. (Deceased) Noah
25. (Deceased) Emma
26. (Deceased) Aiden
27. Big Big Ethan
28. (Deceased) Big Big Big Big Daniel
29. (Deceased) Ethan
30. (Deceased) Michael
31. (Deceased) Olivia
32. (Deceased) Emma
33. (Deceased) Chloe
34. (Deceased) Aiden
35. (Deceased) Anthony
36. (Deceased) Jacob
37. (Deceased) Big William
38. (Deceased) Emma
39. (Deceased) Big Big Big Mia
40. (Deceased) Michael
41. (Deceased) Big Big Michael
42. (Deceased) Emily
43. Big Anthony
44. (Deceased) Daniel
45. (Deceased) Aiden
46. (Deceased) Big Noah
47. (Deceased) Sophia
48. (Deceased) Olivia
49. (Deceased) Big Big Big Big Big Alexander
