1. (Deceased) Aiden
2. (Deceased) Emma
3. (Deceased) Big Big Big Big Jacob
4. (Deceased) Ethan
5. (Deceased) Big Big Big Mia
6. Big Big Aiden
7. (Deceased) Noah
8. Big Big Big Sophia
9. (Deceased) Alexander
10. (Deceased) Jayden
11. Big Emily
12. (Deceased) William
13. (Deceased) Emma
14. (Deceased) Abigail
15. (Deceased) Big Ethan
16. (Deceased) Sophia
17. (Deceased) Madison
18. (Deceased) Mia
19. (Deceased) Big Big Michael
20. (Deceased) Sophia
21. (Deceased) Isabella
22. Big Big Emily
23. (Deceased) Big Jayden
24. (Deceased) Big Big Aiden
25. (Deceased) Big Chloe
26. (Deceased) Big Mia
27. (Deceased) Big Big Big Michael
28. (Deceased) Madison
29. (Deceased) Mia
30. (Deceased) Noah
31. (Deceased) Abigail
32. Big Big Big Abigail
33. Big Big Ethan
34. (Deceased) Mia
35. (Deceased) Big Big Big Big Abigail
36. (Deceased) Emily
37. (Deceased) Daniel
38. (Deceased) Alexander
39. (Deceased) Big Big Olivia
40. Big Aiden
41. (Deceased) Big Big Mia
42. (Deceased) Emily
43. Big Big Big Isabella
44. (Deceased) Big Alexander
45. (Deceased) Alexander
46. (Deceased) Big Alexander
47. Big Big Abigail
48. Big Big Isabella
49. (Deceased) Olivia
50. (Deceased) Big Jayden
51. Big Big Big Big Big Big Chloe
52. (Deceased) Emma
53. (Deceased) Chloe
54. (Deceased) Mia
55. (Deceased) Abigail
56. (Deceased) Anthony
57. (Deceased) Noah
58. (Deceased) Noah
59. (Deceased) Big Abigail
60. Big Big Alexander
61. (Deceased) Ava
62. (Deceased) Noah
63. Big Big Big Big Sophia
64. (Deceased) Big Big Big Big Daniel
65. (Deceased) Ava
66. (Deceased) Big Ethan
67. (Deceased) Aiden
68. (Deceased) Anthony
69. (Deceased) Alexander
70. (Deceased) Aiden
71. (Deceased) Alexander
72. (Deceased) Noah
73. (Deceased) Aiden
74. (Deceased) Michael
75. (Deceased) Madison
76. (Deceased) Big Big Big Noah
77. Big Big Big Big Big Big Ethan
78. (Deceased) Anthony
79. (Deceased) Ethan
80. (Deceased) Jacob
81. (Deceased) Madison
82. (Deceased) Olivia
83. (Deceased) Big Emma
84. (Deceased) Big Big Madison
85. (Deceased) Madison
86. (Deceased) Big Mia
87. (Deceased) Abigail
88. (Deceased) Olivia
89. Big Big Big Noah
90. Big Big Chloe
91. Big Big Sophia
92. (Deceased) Mia
93. (Deceased) Ethan
94. (Deceased) Jayden
95. (Deceased) Isabella
96. (Deceased) Big Aiden
97. (Deceased) William
98. (Deceased) Emma
99. (Deceased) Mia
100. (Deceased) Ethan
101. (Deceased) Mia
102. (Deceased) Jayden
103. (Deceased) Emily
104. (Deceased) Daniel
105. (Deceased) Big Noah
106. (Deceased) Mia
107. (Deceased) Aiden
108. Big Big Mia
109. (Deceased) Big Sophia
110. (Deceased) Daniel
111. (Deceased) Anthony
112. (Deceased) Isabella
113. (Deceased) Madison
114. (Deceased) Abigail
115. (Deceased) Ava
116. Big Big Mia
117. (Deceased) Big Ethan
118. Big Big Noah
