1. (Deceased) Ava
2. (Deceased) Big Abigail
3. Big Michael
4. (Deceased) Ethan
5. (Deceased) Big Jayden
6. (Deceased) Daniel
7. Big Isabella
8. Olivia
9. (Deceased) Sophia
10. (Deceased) Mia
11. Big Big Big Big Isabella
12. (Deceased) Mia
13. (Deceased) Big Michael
14. (Deceased) Jacob
15. (Deceased) Anthony
16. (Deceased) Noah
17. Noah
18. (Deceased) Big Aiden
19. Anthony
20. (Deceased) Big Noah
21. Jayden
22. (Deceased) Emma
23. Big Jayden
24. (Deceased) William
25. Big Ava
26. Emma
27. (Deceased) Emily
28. (Deceased) Big William
29. Big Big Noah
30. Big Big Big Michael
31. (Deceased) Ethan
32. (Deceased) Noah
33. (Deceased) Madison
34. (Deceased) Big Alexander
35. (Deceased) Emily
36. Madison
37. (Deceased) Big Big Big Big Big Michael
38. (Deceased) Sophia
39. Big Big Isabella
40. (Deceased) Olivia
41. Emma
42. Emily
43. Big Emma
44. (Deceased) Alexander
45. (Deceased) Sophia
