1. (Deceased) Abigail
2. (Deceased) Ethan
3. (Deceased) Mia
4. (Deceased) Big Big Big Ethan
5. (Deceased) Abigail
6. (Deceased) William
7. (Deceased) William
8. (Deceased) Sophia
9. (Deceased) Big Big Big Big Michael
10. (Deceased) Big Aiden
11. Big Big Big Big Mia
12. (Deceased) Chloe
13. (Deceased) Ava
14. (Deceased) Alexander
15. (Deceased) Ava
16. (Deceased) Big Big Ethan
17. (Deceased) Big Michael
18. (Deceased) Michael
19. (Deceased) Big Big Ava
20. (Deceased) Olivia
21. (Deceased) William
22. (Deceased) Daniel
23. (Deceased) Daniel
24. (Deceased) Jacob
25. (Deceased) Big Jacob
26. (Deceased) Big Big Big Big Ethan
27. (Deceased) William
28. (Deceased) Mia
29. (Deceased) Big Big Alexander
30. (Deceased) Big Big William
31. (Deceased) Big Olivia
32. (Deceased) Emily
33. (Deceased) Sophia
34. (Deceased) Abigail
35. (Deceased) Big Jayden
36. (Deceased) Anthony
37. (Deceased) Big Ava
38. (Deceased) Sophia
39. (Deceased) Big Big Big Noah
40. (Deceased) Sophia
41. (Deceased) Isabella
42. Big Madison
43. Big Big Madison
44. (Deceased) Big Sophia
45. (Deceased) Michael
46. (Deceased) Ava
47. (Deceased) Olivia
48. (Deceased) Daniel
49. (Deceased) Isabella
50. (Deceased) Jacob
51. (Deceased) Alexander
52. (Deceased) Big Big Aiden
53. (Deceased) Madison
54. (Deceased) Jayden
55. (Deceased) Big Big Chloe
56. (Deceased) Big Big Big Big Abigail
57. (Deceased) Daniel
58. (Deceased) Jayden
59. (Deceased) Emily
60. (Deceased) Big Isabella
61. (Deceased) William
62. Big Noah
63. (Deceased) Madison
64. (Deceased) Emily
65. (Deceased) Anthony
66. (Deceased) Sophia
67. (Deceased) Big Emma
68. (Deceased) Ava
69. (Deceased) Isabella
70. (Deceased) Big Alexander
71. (Deceased) Madison
72. (Deceased) Big Abigail
73. (Deceased) Big Big Madison
74. (Deceased) Olivia
75. (Deceased) Daniel
76. (Deceased) Big Big Big Michael
77. (Deceased) Big William
78. (Deceased) Daniel
79. (Deceased) William
80. (Deceased) Big Jacob
81. (Deceased) Noah
82. (Deceased) Emma
83. (Deceased) Emily
84. (Deceased) Ethan
85. (Deceased) Abigail
86. (Deceased) Anthony
87. (Deceased) Big Big Emily
88. (Deceased) Big Big Isabella
89. (Deceased) Olivia
90. (Deceased) Abigail
91. Big Big Big Big Big Madison
92. (Deceased) Olivia
93. (Deceased) Big Jayden
94. (Deceased) Big Big Big Ethan
95. (Deceased) Big Big Olivia
96. (Deceased) Anthony
97. (Deceased) Big Jayden
98. (Deceased) Ethan
99. (Deceased) Big Big Big Jacob
100. Big Big Big Chloe
101. (Deceased) William
102. (Deceased) Isabella
103. (Deceased) Noah
104. (Deceased) Big Noah
105. (Deceased) Jayden
106. (Deceased) Anthony
107. (Deceased) Alexander
108. (Deceased) Big Big Ethan
109. (Deceased) Jacob
110. (Deceased) Big Anthony
111. (Deceased) Big Alexander
112. (Deceased) Emma
113. Big Big Big Big Big Abigail
114. (Deceased) Abigail
115. (Deceased) Big William
116. (Deceased) Big Big Aiden
117. (Deceased) Big Aiden
118. (Deceased) Madison
119. (Deceased) Big Big Big Jayden
120. (Deceased) Big Big Alexander
121. (Deceased) William
122. (Deceased) Aiden
123. (Deceased) Alexander
124. (Deceased) Alexander
125. (Deceased) Big Mia
126. (Deceased) Big Big Big Big Big Big Chloe
127. (Deceased) Noah
128. (Deceased) Big Big Big Jayden
129. (Deceased) Daniel
130. Big Big Big Big Anthony
131. (Deceased) Emma
132. (Deceased) Big Sophia
133. (Deceased) Abigail
134. (Deceased) Big Anthony
135. Big Big Big Big Big Big Anthony
136. Big Big Big Emma
137. (Deceased) Big Big Sophia
138. Big Big Big Big Big Big Big Emma
139. (Deceased) Abigail
140. (Deceased) Big Michael
141. (Deceased) Noah
142. (Deceased) Sophia
143. (Deceased) Big Abigail
144. (Deceased) Mia
145. (Deceased) Mia
146. (Deceased) Big William
147. (Deceased) Isabella
148. (Deceased) Noah
149. (Deceased) Jacob
150. (Deceased) Big Abigail
151. Big Big Big Big Noah
152. (Deceased) William
153. (Deceased) Anthony
154. (Deceased) Big Big Big Emma
155. (Deceased) Noah
156. (Deceased) Emily
157. (Deceased) Daniel
158. (Deceased) Ethan
159. (Deceased) Abigail
160. Big Big Isabella
161. (Deceased) Big Daniel
162. (Deceased) Jayden
163. (Deceased) Madison
164. (Deceased) Big Big Noah
165. (Deceased) Big Big Big Big Anthony
166. (Deceased) Big Big Big Big Anthony
167. (Deceased) Big Big Michael
168. (Deceased) Aiden
169. (Deceased) Big Noah
170. (Deceased) Jayden
171. (Deceased) Big Big Big Big Mia
172. (Deceased) Noah
173. (Deceased) Ava
174. (Deceased) Aiden
175. (Deceased) Jayden
176. (Deceased) Big Isabella
177. (Deceased) Mia
178. (Deceased) Big Big Big Jayden
179. (Deceased) Olivia
