1. (Deceased) Emma
2. (Deceased) Big Big Daniel
3. Big Big Big Anthony
4. (Deceased) Big Olivia
5. (Deceased) Big Emily
6. (Deceased) Ethan
7. (Deceased) Isabella
8. (Deceased) Daniel
9. (Deceased) Big Ethan
10. (Deceased) Big Big Alexander
11. (Deceased) Anthony
12. (Deceased) Big Ethan
13. (Deceased) Anthony
14. Big Big Abigail
15. (Deceased) Madison
16. (Deceased) Big Big Ava
17. Big Big Big Ethan
18. (Deceased) Big William
19. (Deceased) Emma
20. (Deceased) Abigail
21. (Deceased) Olivia
22. (Deceased) Madison
23. (Deceased) Big Jayden
24. Big Big Big Emily
25. (Deceased) Noah
26. (Deceased) Noah
27. Big Mia
28. (Deceased) Michael
29. (Deceased) Big Big Anthony
30. (Deceased) Olivia
31. Big Big Big Big Big Ava
32. (Deceased) Ava
33. (Deceased) Noah
34. (Deceased) Ava
35. (Deceased) Big Big Olivia
36. (Deceased) Sophia
37. (Deceased) Anthony
38. (Deceased) Olivia
39. (Deceased) Big Jayden
40. Big Ava
41. (Deceased) Olivia
42. (Deceased) Daniel
