1. (Deceased) Daniel
2. (Deceased) Daniel
3. (Deceased) Big Big William
4. (Deceased) Jacob
5. (Deceased) Jayden
6. (Deceased) Ava
7. (Deceased) Daniel
8. (Deceased) William
9. Big Big Big Big Sophia
10. (Deceased) William
11. (Deceased) Alexander
12. (Deceased) Big Anthony
13. (Deceased) Isabella
14. (Deceased) Big Big Emily
15. (Deceased) Big Chloe
16. (Deceased) Jayden
17. (Deceased) Big Abigail
18. (Deceased) Big Jayden
19. (Deceased) Big Big Big Emma
20. (Deceased) Big Big Big Big Big Jayden
21. (Deceased) Big Big Big Big Jacob
22. (Deceased) Anthony
23. Big Big Chloe
24. (Deceased) Ethan
25. (Deceased) Big Big Noah
26. (Deceased) Isabella
27. (Deceased) Noah
28. (Deceased) Emily
29. (Deceased) Big Noah
30. (Deceased) Anthony
31. (Deceased) Big Aiden
32. Big Big Big Big Big Big Ava
33. (Deceased) Ethan
34. (Deceased) Olivia
35. (Deceased) Ethan
36. (Deceased) Isabella
37. (Deceased) Alexander
38. (Deceased) William
39. (Deceased) Chloe
40. (Deceased) Anthony
41. (Deceased) Mia
42. (Deceased) Sophia
43. (Deceased) Jacob
44. (Deceased) Jayden
45. (Deceased) Michael
46. (Deceased) Big Daniel
47. (Deceased) Emma
48. (Deceased) Jayden
49. (Deceased) Mia
50. (Deceased) Big Daniel
51. (Deceased) Jayden
52. (Deceased) Big Noah
53. Big Big Big Big Big Big Mia
54. (Deceased) Big Olivia
55. Big Big Big Big Aiden
56. (Deceased) Daniel
57. (Deceased) Noah
58. (Deceased) Big Big Sophia
59. (Deceased) Aiden
60. (Deceased) Madison
61. (Deceased) Big Abigail
62. (Deceased) Big Abigail
63. (Deceased) Big Big Daniel
64. Big Big Emily
65. (Deceased) Madison
66. (Deceased) Madison
67. Big Big Big Big Madison
68. (Deceased) Olivia
69. (Deceased) Big Big Olivia
70. (Deceased) Emma
71. (Deceased) Big Aiden
72. (Deceased) Big Ava
73. (Deceased) Emily
74. (Deceased) Michael
75. (Deceased) Big Isabella
76. (Deceased) Ava
77. (Deceased) Olivia
78. (Deceased) Mia
79. (Deceased) Big Big Mia
80. Big Big Big Isabella
81. (Deceased) Big Aiden
82. Big Alexander
83. (Deceased) Sophia
84. (Deceased) William
85. (Deceased) Big Big Jayden
86. (Deceased) Michael
87. (Deceased) Big Noah
88. Big Big Big Big Big Isabella
89. (Deceased) Big Big Big Noah
90. (Deceased) Big Sophia
91. (Deceased) Big Big Big Mia
92. (Deceased) Noah
93. (Deceased) Big Emily
94. (Deceased) Big Abigail
95. (Deceased) Big Sophia
96. (Deceased) Abigail
97. (Deceased) Madison
98. (Deceased) Sophia
99. (Deceased) Sophia
100. (Deceased) Michael
101. (Deceased) Emily
102. (Deceased) Michael
103. (Deceased) Ethan
104. (Deceased) Big Big Big Alexander
105. (Deceased) Big Jayden
106. (Deceased) Ava
