1. (Deceased) Noah
2. (Deceased) Big Michael
3. (Deceased) Big Big Big Emily
4. (Deceased) Big Chloe
5. (Deceased) Sophia
6. (Deceased) Jayden
7. (Deceased) Aiden
8. (Deceased) Michael
9. (Deceased) Aiden
10. (Deceased) Alexander
11. (Deceased) Big Aiden
12. (Deceased) Chloe
13. (Deceased) Jacob
14. (Deceased) Sophia
15. (Deceased) Big Big Abigail
16. (Deceased) Emma
17. (Deceased) Aiden
18. Sophia
19. (Deceased) Big Big Big Chloe
20. (Deceased) Olivia
21. Big Big Big Big Big Big Big Sophia
22. (Deceased) Alexander
23. Big Big Big Jayden
24. (Deceased) Big Aiden
25. (Deceased) Big Big Alexander
26. (Deceased) Jacob
27. (Deceased) Mia
28. (Deceased) Big Big Emily
29. Big Alexander
30. (Deceased) Aiden
31. Big Big Jacob
32. (Deceased) Sophia
33. (Deceased) Ava
34. (Deceased) Olivia
35. (Deceased) Madison
36. Big Big Michael
37. (Deceased) William
38. (Deceased) Big Big Chloe
39. (Deceased) Big Emily
40. (Deceased) Noah
41. (Deceased) Madison
42. Big William
43. (Deceased) Big Aiden
