1. (Deceased) Chloe
2. (Deceased) Michael
3. Big Big Ava
4. (Deceased) Abigail
5. (Deceased) Daniel
6. Big Big Big Madison
7. Big Mia
8. (Deceased) Jacob
9. Big Big Jacob
10. (Deceased) William
11. (Deceased) Big Mia
12. (Deceased) Big Jacob
13. Big Big Big Big Madison
14. (Deceased) Chloe
15. (Deceased) Big Noah
16. (Deceased) Ethan
17. (Deceased) Aiden
18. (Deceased) Big Big Big Mia
19. (Deceased) Big Chloe
20. Big Big William
21. (Deceased) Alexander
22. (Deceased) Big Ava
23. Big Big Olivia
24. Big Isabella
25. (Deceased) Noah
26. (Deceased) Big Alexander
27. (Deceased) Aiden
28. (Deceased) Big Jayden
29. (Deceased) Alexander
30. (Deceased) Aiden
31. (Deceased) Madison
32. (Deceased) William
33. (Deceased) Ava
34. (Deceased) Olivia
35. (Deceased) Big Mia
36. (Deceased) Madison
