1. (Deceased) Chloe
2. (Deceased) William
3. (Deceased) Aiden
4. (Deceased) Sophia
5. (Deceased) Olivia
6. (Deceased) Madison
7. (Deceased) Emily
8. Big Big Big Madison
9. Big Big Big Ethan
10. (Deceased) Big Chloe
11. (Deceased) Madison
12. (Deceased) Big Anthony
13. (Deceased) Big Ava
14. (Deceased) Aiden
15. Big Ava
16. (Deceased) William
17. (Deceased) William
18. (Deceased) Big Big Big Big Big Aiden
19. Big Madison
20. (Deceased) Big Jacob
21. (Deceased) Noah
22. (Deceased) Big Noah
23. (Deceased) Big Big Mia
24. (Deceased) Alexander
