1. (Deceased) Big Ava
2. Big Big Big Big Big Big Michael
3. (Deceased) Anthony
4. (Deceased) Ethan
5. (Deceased) Madison
6. (Deceased) Michael
7. (Deceased) Chloe
8. (Deceased) Emma
9. (Deceased) Olivia
10. (Deceased) Big Daniel
11. (Deceased) Daniel
12. (Deceased) Big Emily
13. (Deceased) Big Olivia
14. (Deceased) Daniel
15. (Deceased) Big Big Big Big Big Jayden
16. (Deceased) Chloe
17. (Deceased) Big Big Big Big Emily
18. (Deceased) Ethan
19. (Deceased) Big Madison
20. (Deceased) Sophia
21. (Deceased) Emma
22. (Deceased) Big Big Emma
23. (Deceased) Olivia
24. (Deceased) William
25. (Deceased) Noah
26. (Deceased) Big Jayden
27. (Deceased) Big Big Chloe
28. (Deceased) Daniel
29. (Deceased) Olivia
30. (Deceased) Daniel
31. (Deceased) Olivia
32. (Deceased) Olivia
33. (Deceased) Isabella
34. Big Big Big Big Big Big Big Abigail
35. (Deceased) Big Big Big Noah
36. (Deceased) Big Aiden
37. (Deceased) Big Emily
38. (Deceased) Alexander
39. (Deceased) Jacob
40. Big Big Big Emily
41. (Deceased) Big Big Ava
42. (Deceased) Ava
43. (Deceased) Jayden
44. (Deceased) Sophia
45. (Deceased) Daniel
