1. (Deceased) Big Emma
2. (Deceased) Ethan
3. (Deceased) Abigail
4. Big Big Big Madison
5. (Deceased) Madison
6. Alexander
7. (Deceased) Abigail
8. (Deceased) Alexander
9. (Deceased) Aiden
10. (Deceased) Sophia
11. (Deceased) Jayden
12. Big Jacob
13. Big Noah
14. (Deceased) Big Olivia
15. (Deceased) Big Alexander
16. Big Big Big William
17. (Deceased) Mia
18. (Deceased) Ethan
19. (Deceased) Madison
20. (Deceased) Big Big Big Anthony
21. (Deceased) Isabella
22. Big Big Big Big Big Chloe
23. Big Sophia
24. (Deceased) Big Chloe
25. (Deceased) Big Emma
26. (Deceased) Olivia
27. Big Daniel
28. Alexander
29. (Deceased) Emily
30. (Deceased) Ava
31. (Deceased) Anthony
32. (Deceased) Anthony
33. (Deceased) Daniel
34. Big Big Big Emma
35. (Deceased) Noah
36. (Deceased) Big Big Big Noah
37. (Deceased) Michael
38. (Deceased) Michael
39. (Deceased) Big Jayden
40. (Deceased) Big Big Ava
41. (Deceased) Mia
42. (Deceased) Noah
43. (Deceased) Big Big Olivia
44. (Deceased) Alexander
45. (Deceased) Big Madison
46. Big Big Big Big Anthony
47. (Deceased) Olivia
48. (Deceased) Jacob
49. (Deceased) Jacob
50. (Deceased) Big Mia
51. (Deceased) Mia
