1. (Deceased) Big Big Abigail
2. (Deceased) Olivia
3. (Deceased) Daniel
4. (Deceased) Madison
5. Big Big Big Big Big Madison
6. Big Big Big Big Big Big Ethan
7. (Deceased) Big Madison
8. (Deceased) Chloe
9. (Deceased) William
10. (Deceased) Emma
11. (Deceased) Alexander
12. (Deceased) Ethan
13. (Deceased) Mia
14. (Deceased) Big Daniel
15. (Deceased) Mia
16. (Deceased) William
17. (Deceased) Big Big Big Big Sophia
18. (Deceased) Ethan
19. (Deceased) Madison
20. (Deceased) Ethan
21. (Deceased) Big Sophia
22. (Deceased) Big Abigail
23. Big Big Big Abigail
24. (Deceased) Jacob
25. (Deceased) Mia
26. (Deceased) Isabella
27. (Deceased) Big Big Big Big Big Big Mia
28. (Deceased) Jacob
29. (Deceased) Chloe
30. (Deceased) Chloe
31. (Deceased) Ethan
32. (Deceased) Ethan
33. (Deceased) Sophia
34. (Deceased) Alexander
35. (Deceased) Big Daniel
36. (Deceased) Mia
37. (Deceased) Isabella
38. (Deceased) Big Big Big Big Sophia
39. (Deceased) Big Big Alexander
40. (Deceased) Mia
41. (Deceased) Big Big Chloe
42. (Deceased) Ava
43. (Deceased) Big Madison
44. (Deceased) Chloe
45. (Deceased) Jayden
46. (Deceased) Mia
47. (Deceased) Abigail
48. (Deceased) Big Madison
49. (Deceased) Chloe
50. (Deceased) Jacob
51. (Deceased) Sophia
52. Big Big Mia
53. (Deceased) Emily
54. (Deceased) Big Big Big Mia
55. (Deceased) Ava
56. (Deceased) Aiden
57. (Deceased) Aiden
58. (Deceased) Jacob
59. Big Daniel
60. (Deceased) William
61. (Deceased) Big William
62. (Deceased) Big Olivia
63. Big Big Big Emily
64. (Deceased) Aiden
65. (Deceased) Anthony
66. (Deceased) Big Ethan
67. Big Big Big Big Big Alexander
68. Big Big Big Big Isabella
69. (Deceased) Alexander
70. (Deceased) Big Ethan
71. (Deceased) Chloe
72. (Deceased) Big Emma
73. (Deceased) Chloe
74. (Deceased) Big Isabella
75. (Deceased) Big Big Mia
76. (Deceased) Mia
77. (Deceased) Anthony
78. (Deceased) Big Sophia
79. (Deceased) Ethan
80. (Deceased) Big Big Big Ethan
81. (Deceased) Big Big Abigail
82. (Deceased) Big Isabella
83. Big Big Big William
84. Big Noah
85. (Deceased) Big Michael
86. (Deceased) Daniel
87. (Deceased) Madison
88. (Deceased) Sophia
89. (Deceased) Big Daniel
90. (Deceased) Big Alexander
91. (Deceased) Big Sophia
92. (Deceased) Jayden
