1. (Deceased) Big Michael
2. (Deceased) Mia
3. (Deceased) Big Big Chloe
4. (Deceased) Big Big Madison
5. (Deceased) Isabella
6. (Deceased) Chloe
7. (Deceased) Isabella
8. (Deceased) Big Chloe
9. (Deceased) Alexander
10. (Deceased) Big Madison
11. Big Big Big Sophia
12. (Deceased) Noah
13. (Deceased) Big Big Big Big Big Big Chloe
14. (Deceased) Noah
15. Mia
16. (Deceased) Isabella
17. (Deceased) Isabella
18. (Deceased) Big Big Abigail
19. (Deceased) Abigail
20. (Deceased) Mia
21. Big Big Abigail
22. (Deceased) Emma
23. (Deceased) Mia
24. (Deceased) Big Chloe
25. (Deceased) Big Big Jacob
26. (Deceased) Michael
27. (Deceased) Big Big Ethan
28. (Deceased) Alexander
29. (Deceased) Daniel
30. (Deceased) Olivia
31. (Deceased) Big Michael
32. (Deceased) Madison
33. (Deceased) William
34. (Deceased) Daniel
35. (Deceased) Big Ethan
36. (Deceased) Big Big Jacob
37. (Deceased) Michael
38. (Deceased) Big Emily
39. (Deceased) Isabella
40. (Deceased) Big Michael
41. (Deceased) Jayden
42. (Deceased) Emily
43. (Deceased) Big Jayden
44. (Deceased) Olivia
45. (Deceased) Big Noah
46. (Deceased) Big Big Ethan
47. (Deceased) Emma
48. (Deceased) Big Big Big Isabella
49. (Deceased) Jacob
50. (Deceased) Sophia
51. (Deceased) Emma
52. Big Big Big Big Big Big Big William
53. (Deceased) Big Big Big Big Madison
54. (Deceased) Emily
55. (Deceased) William
56. Big Big Big Big Noah
57. (Deceased) Emma
58. (Deceased) Big Abigail
59. (Deceased) Alexander
