1. (Deceased) Big Alexander
2. Big Big Big Big Alexander
3. (Deceased) Jacob
4. (Deceased) Big Big Anthony
5. (Deceased) Jayden
6. (Deceased) Alexander
7. (Deceased) Anthony
8. (Deceased) Jayden
9. (Deceased) Mia
10. (Deceased) Jayden
11. (Deceased) Abigail
12. (Deceased) Big Ava
13. (Deceased) Michael
14. (Deceased) Daniel
15. (Deceased) Sophia
16. (Deceased) Big Ethan
17. (Deceased) Chloe
18. (Deceased) Mia
19. Daniel
20. (Deceased) Big Big Big Big Chloe
21. (Deceased) Sophia
22. Big Big Big Ava
23. (Deceased) Big Emily
24. (Deceased) Ava
25. (Deceased) Big Emily
26. (Deceased) Big Jayden
27. (Deceased) Big Big Michael
28. Big Big Ethan
29. Big Big Big Emily
30. (Deceased) Jacob
31. (Deceased) Big Mia
32. (Deceased) Sophia
