1. (Deceased) Ethan
2. (Deceased) Michael
3. (Deceased) Big Big Big Jacob
4. (Deceased) Big Big Ava
5. Isabella
6. (Deceased) Ethan
7. (Deceased) Daniel
8. (Deceased) Big Big Big Jacob
9. (Deceased) Abigail
10. (Deceased) Abigail
11. (Deceased) Daniel
12. (Deceased) Jayden
13. (Deceased) William
14. (Deceased) Isabella
15. (Deceased) Big Big William
16. (Deceased) Ethan
17. (Deceased) Big Isabella
18. (Deceased) Michael
19. (Deceased) Michael
20. (Deceased) Alexander
21. Big Big Jayden
22. Big Big Michael
23. (Deceased) Noah
24. (Deceased) Big Big Big Big Emma
25. (Deceased) Big Chloe
26. (Deceased) Olivia
27. (Deceased) Ethan
28. (Deceased) Big William
29. (Deceased) Big Big Big Madison
30. (Deceased) Emma
31. Big Big Big Big Big Emily
32. (Deceased) Jacob
33. (Deceased) Big Big Emily
34. Big Big Big Big Big Big Noah
35. (Deceased) Emily
36. (Deceased) Olivia
37. (Deceased) Michael
38. (Deceased) Anthony
39. (Deceased) Jacob
40. (Deceased) Noah
41. (Deceased) Jayden
42. (Deceased) Big Jayden
43. (Deceased) Chloe
44. Michael
45. (Deceased) Daniel
46. (Deceased) Big Abigail
47. (Deceased) Big Big Emma
