1. Big Big Big Big Emma
2. (Deceased) Emma
3. (Deceased) Big Madison
4. Big Big Big Big Abigail
5. Big Big Big Emma
6. (Deceased) Daniel
7. Big Big Big Big Big Big Ethan
8. (Deceased) Sophia
9. (Deceased) Jacob
10. (Deceased) William
11. (Deceased) Big Emma
12. (Deceased) Madison
13. (Deceased) Ava
14. (Deceased) Emma
15. (Deceased) William
16. (Deceased) Jayden
17. (Deceased) Madison
18. (Deceased) Jayden
19. (Deceased) Aiden
20. Big Big Emily
21. (Deceased) William
22. Big Big Big Madison
23. (Deceased) Sophia
24. Big Big Ethan
25. (Deceased) Big Michael
26. (Deceased) Mia
27. Big Big Big Big Jayden
28. (Deceased) Anthony
29. (Deceased) Mia
30. (Deceased) Big Big Anthony
31. (Deceased) Jayden
32. (Deceased) Anthony
33. (Deceased) Ava
34. (Deceased) Ethan
35. (Deceased) Jacob
36. (Deceased) Madison
37. (Deceased) Big Alexander
38. (Deceased) Big William
39. (Deceased) Big Daniel
40. (Deceased) Isabella
41. (Deceased) Big Ava
42. (Deceased) Aiden
43. Big Chloe
44. (Deceased) Big Jayden
45. Big Big Big Big Big Emma
46. Big Big Noah
47. (Deceased) Jacob
48. (Deceased) Emma
49. (Deceased) Aiden
50. (Deceased) Big Jayden
51. Big Big Emma
52. (Deceased) Big Big Big Emily
53. Madison
54. (Deceased) Emily
55. (Deceased) Chloe
56. (Deceased) Daniel
57. (Deceased) Ava
58. (Deceased) Jayden
59. (Deceased) Big Aiden
60. (Deceased) Olivia
61. (Deceased) Noah
62. (Deceased) Big Jacob
63. Big Madison
64. (Deceased) Anthony
65. (Deceased) Abigail
66. (Deceased) Jacob
67. Big Noah
68. (Deceased) Emma
69. (Deceased) Michael
70. (Deceased) Big Emma
71. (Deceased) Abigail
72. (Deceased) Michael
73. (Deceased) Sophia
74. (Deceased) Michael
75. (Deceased) Ethan
76. Big Big Abigail
77. (Deceased) Emma
78. (Deceased) Big Big Big Alexander
79. (Deceased) Mia
80. Big Big Olivia
81. (Deceased) Big Olivia
82. (Deceased) Big Big Madison
83. (Deceased) Aiden
84. Big Sophia
85. (Deceased) William
86. Big Jacob
87. (Deceased) Big Abigail
88. (Deceased) Anthony
89. (Deceased) Emily
90. (Deceased) Big Ethan
91. (Deceased) Big Emily
92. (Deceased) Madison
93. (Deceased) Alexander
94. (Deceased) Big Chloe
95. (Deceased) Big Jayden
96. (Deceased) Big Ethan
97. Sophia
98. Big Big Big Big Daniel
99. (Deceased) Aiden
100. (Deceased) Olivia
101. (Deceased) Emma
102. (Deceased) Alexander
103. (Deceased) Big Big Big Big Daniel
104. (Deceased) Big Aiden
105. (Deceased) Emily
