1. (Deceased) Big Big Madison
2. (Deceased) Big Michael
3. (Deceased) Big Big Madison
4. (Deceased) Ethan
5. (Deceased) Daniel
6. (Deceased) Daniel
7. (Deceased) Alexander
8. (Deceased) Big Olivia
9. Big Big Big Ava
10. (Deceased) Michael
11. Big Big Big Big Daniel
12. (Deceased) Madison
13. (Deceased) Chloe
14. (Deceased) Michael
15. (Deceased) Olivia
16. (Deceased) Chloe
17. (Deceased) Olivia
18. (Deceased) Sophia
19. (Deceased) Sophia
20. (Deceased) Big Big Emily
21. (Deceased) Emma
22. (Deceased) Sophia
23. (Deceased) Anthony
24. (Deceased) Ethan
25. (Deceased) Big Ava
26. (Deceased) Big Big Chloe
27. (Deceased) William
28. (Deceased) Ava
29. (Deceased) Mia
30. (Deceased) Olivia
31. Anthony
32. (Deceased) Aiden
33. (Deceased) Big Anthony
34. Big Big Ethan
35. (Deceased) Big Michael
36. (Deceased) Big Big Noah
37. (Deceased) Emma
38. (Deceased) Big Noah
39. (Deceased) Big Big Chloe
40. (Deceased) Jayden
41. (Deceased) Alexander
42. (Deceased) Ava
43. Big Madison
44. Big Big Big William
45. (Deceased) Olivia
46. (Deceased) Noah
47. (Deceased) Anthony
48. Big William
49. (Deceased) Big Big Anthony
50. (Deceased) Big Ethan
51. (Deceased) Alexander
52. (Deceased) Abigail
53. (Deceased) Big Big Big Jacob
54. (Deceased) Big Big Michael
55. (Deceased) Emma
56. Big Big Big Jacob
57. (Deceased) Emma
58. (Deceased) Emily
59. (Deceased) Mia
60. (Deceased) Abigail
61. Big Big Big Emily
62. Big Big Anthony
63. (Deceased) Ava
64. (Deceased) Chloe
65. (Deceased) Chloe
66. (Deceased) Ava
67. (Deceased) Chloe
68. (Deceased) Chloe
69. (Deceased) Big Big Noah
70. (Deceased) Sophia
71. (Deceased) Jayden
72. (Deceased) Big Isabella
73. (Deceased) Jacob
74. (Deceased) Olivia
75. (Deceased) Big Jayden
76. (Deceased) Mia
77. (Deceased) Isabella
78. (Deceased) Alexander
79. (Deceased) Isabella
80. (Deceased) Emma
81. (Deceased) Jacob
82. (Deceased) Emily
83. (Deceased) Big Big Jacob
84. (Deceased) Aiden
85. (Deceased) Abigail
86. (Deceased) Olivia
87. (Deceased) Big Big Big Jacob
88. (Deceased) Madison
89. (Deceased) Big Isabella
90. (Deceased) Mia
91. (Deceased) Ava
92. (Deceased) Madison
93. (Deceased) Big Big Big Mia
94. (Deceased) Big William
95. (Deceased) Abigail
96. (Deceased) Big Big Big Big Sophia
97. (Deceased) Isabella
98. Big Big Big Big Big Big Madison
99. (Deceased) Ava
100. (Deceased) Michael
101. (Deceased) Emily
102. (Deceased) Chloe
103. (Deceased) Emily
104. (Deceased) Ava
105. Big Big Madison
106. Big Big Big Big Big Ava
107. (Deceased) Madison
108. (Deceased) Big Big Big Noah
109. Isabella
110. Big Big Big Mia
111. (Deceased) Alexander
112. (Deceased) Alexander
113. (Deceased) Madison
114. Big Big Big Big Big Madison
115. (Deceased) Sophia
116. (Deceased) Big Noah
117. (Deceased) Big Ava
118. (Deceased) Alexander
119. (Deceased) Sophia
120. (Deceased) Alexander
121. Big Big Big Big Big Isabella
122. Big Big Big Big Big Sophia
123. Big Big Big Big Chloe
124. (Deceased) Aiden
125. (Deceased) Emily
126. (Deceased) Noah
127. (Deceased) Big Emily
128. (Deceased) Abigail
129. (Deceased) Big Big Abigail
130. (Deceased) Big Anthony
131. (Deceased) Daniel
132. (Deceased) Big Chloe
133. (Deceased) Noah
134. (Deceased) Big Big Emily
135. (Deceased) Big Big Big Ethan
